2026-03-27 14:05:30,876 | INFO | aca_sft | Starting SFT job.
2026-03-27 14:05:30,876 | INFO | aca_sft | Device detected: cuda
2026-03-27 14:05:30,877 | INFO | aca_sft | Torch version: 2.9.1+cu128
2026-03-27 14:05:30,877 | INFO | aca_sft | Torch CUDA runtime version: 12.8
2026-03-27 14:05:30,877 | INFO | aca_sft | CUDA available: True
2026-03-27 14:05:30,913 | INFO | aca_sft | Detected GPU: NVIDIA A100 80GB PCIe
2026-03-27 14:05:30,913 | INFO | aca_sft | Detected GPU count: 1
2026-03-27 14:05:30,913 | INFO | aca_sft | Detected GPU total memory (GiB): 79.14
2026-03-27 14:05:30,913 | INFO | aca_sft | Startup config: {"batch_size": 64, "checkpoint_interval_steps": 25000, "device": "cuda", "eval_interval_steps": 100, "learning_rate": 0.0005, "local_pretrained_checkpoint_path": "/app/model_inputs/pretrain_final.pth", "num_steps": 50000, "pretrained_model_blob_path": "runs/2026-03-27T06-53-52Z/model/pretrain_final.pth", "run_mode": "full", "run_root": "/outputs/sft_runs/2026-03-27T14-05-30Z", "sequence_len": 128, "test_parquet_path": "/data/fact_qa_test.parquet", "test_rows": 500, "train_parquet_path": "/data/fact_qa_train.parquet", "train_rows": 440000}
2026-03-27 14:05:31,468 | INFO | aca_sft | Loaded tokenizer: gpt2 (vocab_size=50257)
2026-03-27 14:05:31,468 | INFO | aca_sft | Tokenized SFT parquet files not found. Generating them from rubenroy/GammaCorpus-Fact-QA-450k.
2026-03-27 14:07:22,358 | INFO | aca_sft | Saved tokenized SFT parquet datasets: train=/data/fact_qa_train.parquet test=/data/fact_qa_test.parquet
2026-03-27 14:07:23,466 | INFO | aca_sft | Dataset sizes: train=440000 test=500
2026-03-27 14:07:23,505 | INFO | aca_sft | Blob container already exists: gpt-scratch
2026-03-27 14:07:24,408 | INFO | aca_sft | Downloaded blob: runs/2026-03-27T06-53-52Z/model/pretrain_final.pth -> /app/model_inputs/pretrain_final.pth
2026-03-27 14:07:24,409 | INFO | aca_sft | Using downloaded pretrained checkpoint: /app/model_inputs/pretrain_final.pth
2026-03-27 14:07:24,933 | INFO | aca_sft | Loaded pretrained checkpoint from: /app/model_inputs/pretrain_final.pth
2026-03-27 14:07:24,934 | INFO | aca_sft | Pretrained checkpoint step: 150000
2026-03-27 14:07:24,934 | INFO | aca_sft | Missing keys while loading pretrained model: ['position_encoding']
2026-03-27 14:07:24,934 | INFO | aca_sft | Model parameter count: 14498385
2026-03-27 14:07:24,935 | INFO | aca_sft | No SFT checkpoint found to resume from in /outputs/sft_runs/2026-03-27T14-05-30Z/checkpoints
2026-03-27 14:07:30,266 | INFO | aca_sft | Evaluation report | step=100/50000 | train_loss=1.656994 | eval_loss=0.686414 | lr=0.00050000 | elapsed_seconds=5.33
2026-03-27 14:07:35,412 | INFO | aca_sft | Evaluation report | step=200/50000 | train_loss=0.667742 | eval_loss=0.664626 | lr=0.00050000 | elapsed_seconds=10.47
2026-03-27 14:07:40,560 | INFO | aca_sft | Evaluation report | step=300/50000 | train_loss=0.657151 | eval_loss=0.655882 | lr=0.00050000 | elapsed_seconds=15.62
2026-03-27 14:07:45,711 | INFO | aca_sft | Evaluation report | step=400/50000 | train_loss=0.647604 | eval_loss=0.645122 | lr=0.00050000 | elapsed_seconds=20.77
2026-03-27 14:07:50,867 | INFO | aca_sft | Evaluation report | step=500/50000 | train_loss=0.634372 | eval_loss=0.640479 | lr=0.00050000 | elapsed_seconds=25.93
2026-03-27 14:07:56,024 | INFO | aca_sft | Evaluation report | step=600/50000 | train_loss=0.632121 | eval_loss=0.633738 | lr=0.00050000 | elapsed_seconds=31.09
2026-03-27 14:08:02,466 | INFO | aca_sft | Evaluation report | step=700/50000 | train_loss=0.631660 | eval_loss=0.628323 | lr=0.00050000 | elapsed_seconds=36.26
2026-03-27 14:08:07,635 | INFO | aca_sft | Evaluation report | step=800/50000 | train_loss=0.629171 | eval_loss=0.624473 | lr=0.00050000 | elapsed_seconds=42.70
2026-03-27 14:08:12,808 | INFO | aca_sft | Evaluation report | step=900/50000 | train_loss=0.618520 | eval_loss=0.620208 | lr=0.00050000 | elapsed_seconds=47.87
2026-03-27 14:08:17,979 | INFO | aca_sft | Evaluation report | step=1000/50000 | train_loss=0.615661 | eval_loss=0.617993 | lr=0.00050000 | elapsed_seconds=53.04
2026-03-27 14:08:23,170 | INFO | aca_sft | Evaluation report | step=1100/50000 | train_loss=0.615599 | eval_loss=0.614803 | lr=0.00050000 | elapsed_seconds=58.23
2026-03-27 14:08:28,354 | INFO | aca_sft | Evaluation report | step=1200/50000 | train_loss=0.609194 | eval_loss=0.614292 | lr=0.00050000 | elapsed_seconds=63.42
2026-03-27 14:08:33,541 | INFO | aca_sft | Evaluation report | step=1300/50000 | train_loss=0.608855 | eval_loss=0.613127 | lr=0.00050000 | elapsed_seconds=68.61
2026-03-27 14:08:38,740 | INFO | aca_sft | Evaluation report | step=1400/50000 | train_loss=0.608143 | eval_loss=0.609393 | lr=0.00050000 | elapsed_seconds=73.80
2026-03-27 14:08:43,930 | INFO | aca_sft | Evaluation report | step=1500/50000 | train_loss=0.605786 | eval_loss=0.607806 | lr=0.00050000 | elapsed_seconds=78.99
2026-03-27 14:08:49,124 | INFO | aca_sft | Evaluation report | step=1600/50000 | train_loss=0.596344 | eval_loss=0.604252 | lr=0.00050000 | elapsed_seconds=84.19
2026-03-27 14:08:54,312 | INFO | aca_sft | Evaluation report | step=1700/50000 | train_loss=0.599528 | eval_loss=0.604650 | lr=0.00050000 | elapsed_seconds=89.38
2026-03-27 14:08:59,502 | INFO | aca_sft | Evaluation report | step=1800/50000 | train_loss=0.596578 | eval_loss=0.602418 | lr=0.00050000 | elapsed_seconds=94.57
2026-03-27 14:09:04,696 | INFO | aca_sft | Evaluation report | step=1900/50000 | train_loss=0.595299 | eval_loss=0.600019 | lr=0.00050000 | elapsed_seconds=99.76
2026-03-27 14:09:09,896 | INFO | aca_sft | Evaluation report | step=2000/50000 | train_loss=0.593372 | eval_loss=0.597552 | lr=0.00050000 | elapsed_seconds=104.96
2026-03-27 14:09:15,110 | INFO | aca_sft | Evaluation report | step=2100/50000 | train_loss=0.594197 | eval_loss=0.594629 | lr=0.00050000 | elapsed_seconds=110.17
2026-03-27 14:09:20,315 | INFO | aca_sft | Evaluation report | step=2200/50000 | train_loss=0.590699 | eval_loss=0.593263 | lr=0.00050000 | elapsed_seconds=115.38
2026-03-27 14:09:25,532 | INFO | aca_sft | Evaluation report | step=2300/50000 | train_loss=0.590414 | eval_loss=0.590827 | lr=0.00050000 | elapsed_seconds=120.60
2026-03-27 14:09:30,749 | INFO | aca_sft | Evaluation report | step=2400/50000 | train_loss=0.585641 | eval_loss=0.590232 | lr=0.00050000 | elapsed_seconds=125.81
2026-03-27 14:09:35,974 | INFO | aca_sft | Evaluation report | step=2500/50000 | train_loss=0.581815 | eval_loss=0.588586 | lr=0.00050000 | elapsed_seconds=131.04
2026-03-27 14:09:41,183 | INFO | aca_sft | Evaluation report | step=2600/50000 | train_loss=0.582548 | eval_loss=0.587107 | lr=0.00050000 | elapsed_seconds=136.25
2026-03-27 14:09:46,415 | INFO | aca_sft | Evaluation report | step=2700/50000 | train_loss=0.581654 | eval_loss=0.586672 | lr=0.00050000 | elapsed_seconds=141.48
2026-03-27 14:09:51,640 | INFO | aca_sft | Evaluation report | step=2800/50000 | train_loss=0.585467 | eval_loss=0.585552 | lr=0.00050000 | elapsed_seconds=146.70
2026-03-27 14:09:56,871 | INFO | aca_sft | Evaluation report | step=2900/50000 | train_loss=0.582112 | eval_loss=0.582077 | lr=0.00050000 | elapsed_seconds=151.94
2026-03-27 14:10:02,108 | INFO | aca_sft | Evaluation report | step=3000/50000 | train_loss=0.581340 | eval_loss=0.582163 | lr=0.00050000 | elapsed_seconds=157.17
2026-03-27 14:10:07,323 | INFO | aca_sft | Evaluation report | step=3100/50000 | train_loss=0.576379 | eval_loss=0.582252 | lr=0.00050000 | elapsed_seconds=162.39
2026-03-27 14:10:12,552 | INFO | aca_sft | Evaluation report | step=3200/50000 | train_loss=0.577248 | eval_loss=0.582338 | lr=0.00050000 | elapsed_seconds=167.62
2026-03-27 14:10:17,801 | INFO | aca_sft | Evaluation report | step=3300/50000 | train_loss=0.579448 | eval_loss=0.581842 | lr=0.00050000 | elapsed_seconds=172.87
2026-03-27 14:10:23,061 | INFO | aca_sft | Evaluation report | step=3400/50000 | train_loss=0.578355 | eval_loss=0.579776 | lr=0.00050000 | elapsed_seconds=178.13
2026-03-27 14:10:28,309 | INFO | aca_sft | Evaluation report | step=3500/50000 | train_loss=0.575803 | eval_loss=0.579377 | lr=0.00050000 | elapsed_seconds=183.37
2026-03-27 14:10:33,567 | INFO | aca_sft | Evaluation report | step=3600/50000 | train_loss=0.576557 | eval_loss=0.580109 | lr=0.00050000 | elapsed_seconds=188.63
2026-03-27 14:10:38,830 | INFO | aca_sft | Evaluation report | step=3700/50000 | train_loss=0.570605 | eval_loss=0.578030 | lr=0.00050000 | elapsed_seconds=193.89
2026-03-27 14:10:44,094 | INFO | aca_sft | Evaluation report | step=3800/50000 | train_loss=0.571469 | eval_loss=0.576559 | lr=0.00050000 | elapsed_seconds=199.16
2026-03-27 14:10:49,367 | INFO | aca_sft | Evaluation report | step=3900/50000 | train_loss=0.570567 | eval_loss=0.575043 | lr=0.00050000 | elapsed_seconds=204.43
2026-03-27 14:10:54,628 | INFO | aca_sft | Evaluation report | step=4000/50000 | train_loss=0.573464 | eval_loss=0.574234 | lr=0.00050000 | elapsed_seconds=209.69
2026-03-27 14:10:59,892 | INFO | aca_sft | Evaluation report | step=4100/50000 | train_loss=0.568024 | eval_loss=0.571540 | lr=0.00050000 | elapsed_seconds=214.96
2026-03-27 14:11:05,156 | INFO | aca_sft | Evaluation report | step=4200/50000 | train_loss=0.567667 | eval_loss=0.572765 | lr=0.00050000 | elapsed_seconds=220.22
2026-03-27 14:11:10,420 | INFO | aca_sft | Evaluation report | step=4300/50000 | train_loss=0.564047 | eval_loss=0.570646 | lr=0.00050000 | elapsed_seconds=225.48
2026-03-27 14:11:15,686 | INFO | aca_sft | Evaluation report | step=4400/50000 | train_loss=0.565267 | eval_loss=0.570654 | lr=0.00050000 | elapsed_seconds=230.75
2026-03-27 14:11:20,955 | INFO | aca_sft | Evaluation report | step=4500/50000 | train_loss=0.564651 | eval_loss=0.568401 | lr=0.00050000 | elapsed_seconds=236.02
2026-03-27 14:11:26,220 | INFO | aca_sft | Evaluation report | step=4600/50000 | train_loss=0.562337 | eval_loss=0.568218 | lr=0.00050000 | elapsed_seconds=241.28
2026-03-27 14:11:31,486 | INFO | aca_sft | Evaluation report | step=4700/50000 | train_loss=0.568043 | eval_loss=0.566995 | lr=0.00050000 | elapsed_seconds=246.55
2026-03-27 14:11:36,755 | INFO | aca_sft | Evaluation report | step=4800/50000 | train_loss=0.562690 | eval_loss=0.569632 | lr=0.00050000 | elapsed_seconds=251.82
2026-03-27 14:11:42,028 | INFO | aca_sft | Evaluation report | step=4900/50000 | train_loss=0.567035 | eval_loss=0.567130 | lr=0.00050000 | elapsed_seconds=257.09
2026-03-27 14:11:47,298 | INFO | aca_sft | Evaluation report | step=5000/50000 | train_loss=0.562400 | eval_loss=0.565815 | lr=0.00050000 | elapsed_seconds=262.36
2026-03-27 14:11:52,572 | INFO | aca_sft | Evaluation report | step=5100/50000 | train_loss=0.558846 | eval_loss=0.566182 | lr=0.00050000 | elapsed_seconds=267.64
2026-03-27 14:11:57,830 | INFO | aca_sft | Evaluation report | step=5200/50000 | train_loss=0.563264 | eval_loss=0.565093 | lr=0.00050000 | elapsed_seconds=272.89
2026-03-27 14:12:03,099 | INFO | aca_sft | Evaluation report | step=5300/50000 | train_loss=0.555873 | eval_loss=0.565031 | lr=0.00050000 | elapsed_seconds=278.16
2026-03-27 14:12:08,367 | INFO | aca_sft | Evaluation report | step=5400/50000 | train_loss=0.562006 | eval_loss=0.562358 | lr=0.00050000 | elapsed_seconds=283.43
2026-03-27 14:12:13,634 | INFO | aca_sft | Evaluation report | step=5500/50000 | train_loss=0.554414 | eval_loss=0.561782 | lr=0.00050000 | elapsed_seconds=288.70
2026-03-27 14:12:18,906 | INFO | aca_sft | Evaluation report | step=5600/50000 | train_loss=0.560013 | eval_loss=0.561951 | lr=0.00050000 | elapsed_seconds=293.97
2026-03-27 14:12:24,185 | INFO | aca_sft | Evaluation report | step=5700/50000 | train_loss=0.552200 | eval_loss=0.560760 | lr=0.00050000 | elapsed_seconds=299.25
2026-03-27 14:12:29,465 | INFO | aca_sft | Evaluation report | step=5800/50000 | train_loss=0.557294 | eval_loss=0.561470 | lr=0.00050000 | elapsed_seconds=304.53
2026-03-27 14:12:34,755 | INFO | aca_sft | Evaluation report | step=5900/50000 | train_loss=0.557630 | eval_loss=0.560012 | lr=0.00050000 | elapsed_seconds=309.82
2026-03-27 14:12:40,039 | INFO | aca_sft | Evaluation report | step=6000/50000 | train_loss=0.552733 | eval_loss=0.560377 | lr=0.00050000 | elapsed_seconds=315.10
2026-03-27 14:12:45,327 | INFO | aca_sft | Evaluation report | step=6100/50000 | train_loss=0.551873 | eval_loss=0.558881 | lr=0.00050000 | elapsed_seconds=320.39
2026-03-27 14:12:50,612 | INFO | aca_sft | Evaluation report | step=6200/50000 | train_loss=0.556219 | eval_loss=0.558774 | lr=0.00050000 | elapsed_seconds=325.68
2026-03-27 14:12:55,898 | INFO | aca_sft | Evaluation report | step=6300/50000 | train_loss=0.555112 | eval_loss=0.555513 | lr=0.00050000 | elapsed_seconds=330.96
2026-03-27 14:13:01,177 | INFO | aca_sft | Evaluation report | step=6400/50000 | train_loss=0.547613 | eval_loss=0.553899 | lr=0.00050000 | elapsed_seconds=336.24
2026-03-27 14:13:06,460 | INFO | aca_sft | Evaluation report | step=6500/50000 | train_loss=0.551641 | eval_loss=0.552504 | lr=0.00050000 | elapsed_seconds=341.52
2026-03-27 14:13:11,745 | INFO | aca_sft | Evaluation report | step=6600/50000 | train_loss=0.549597 | eval_loss=0.552542 | lr=0.00050000 | elapsed_seconds=346.81
2026-03-27 14:13:17,030 | INFO | aca_sft | Evaluation report | step=6700/50000 | train_loss=0.552881 | eval_loss=0.553271 | lr=0.00050000 | elapsed_seconds=352.09
2026-03-27 14:13:22,317 | INFO | aca_sft | Evaluation report | step=6800/50000 | train_loss=0.548881 | eval_loss=0.552685 | lr=0.00050000 | elapsed_seconds=357.38
2026-03-27 14:13:27,578 | INFO | aca_sft | Evaluation report | step=6900/50000 | train_loss=0.545606 | eval_loss=0.553248 | lr=0.00050000 | elapsed_seconds=362.64
2026-03-27 14:13:32,752 | INFO | aca_sft | Evaluation report | step=7000/50000 | train_loss=0.539036 | eval_loss=0.553230 | lr=0.00050000 | elapsed_seconds=367.82
2026-03-27 14:13:37,922 | INFO | aca_sft | Evaluation report | step=7100/50000 | train_loss=0.536291 | eval_loss=0.553726 | lr=0.00050000 | elapsed_seconds=372.99
2026-03-27 14:13:43,110 | INFO | aca_sft | Evaluation report | step=7200/50000 | train_loss=0.536248 | eval_loss=0.553169 | lr=0.00050000 | elapsed_seconds=378.17
2026-03-27 14:13:48,280 | INFO | aca_sft | Evaluation report | step=7300/50000 | train_loss=0.536948 | eval_loss=0.554034 | lr=0.00050000 | elapsed_seconds=383.34
2026-03-27 14:13:53,463 | INFO | aca_sft | Evaluation report | step=7400/50000 | train_loss=0.534088 | eval_loss=0.553241 | lr=0.00050000 | elapsed_seconds=388.53
2026-03-27 14:13:58,648 | INFO | aca_sft | Evaluation report | step=7500/50000 | train_loss=0.534716 | eval_loss=0.551751 | lr=0.00050000 | elapsed_seconds=393.71
2026-03-27 14:14:03,828 | INFO | aca_sft | Evaluation report | step=7600/50000 | train_loss=0.540746 | eval_loss=0.550156 | lr=0.00050000 | elapsed_seconds=398.89
2026-03-27 14:14:09,008 | INFO | aca_sft | Evaluation report | step=7700/50000 | train_loss=0.537334 | eval_loss=0.549791 | lr=0.00050000 | elapsed_seconds=404.07
2026-03-27 14:14:14,194 | INFO | aca_sft | Evaluation report | step=7800/50000 | train_loss=0.532207 | eval_loss=0.549438 | lr=0.00050000 | elapsed_seconds=409.26
2026-03-27 14:14:19,369 | INFO | aca_sft | Evaluation report | step=7900/50000 | train_loss=0.537757 | eval_loss=0.549579 | lr=0.00050000 | elapsed_seconds=414.43
2026-03-27 14:14:24,563 | INFO | aca_sft | Evaluation report | step=8000/50000 | train_loss=0.532522 | eval_loss=0.550131 | lr=0.00050000 | elapsed_seconds=419.63
2026-03-27 14:14:29,749 | INFO | aca_sft | Evaluation report | step=8100/50000 | train_loss=0.532008 | eval_loss=0.550296 | lr=0.00050000 | elapsed_seconds=424.81
2026-03-27 14:14:34,930 | INFO | aca_sft | Evaluation report | step=8200/50000 | train_loss=0.533321 | eval_loss=0.550419 | lr=0.00050000 | elapsed_seconds=429.99
2026-03-27 14:14:40,120 | INFO | aca_sft | Evaluation report | step=8300/50000 | train_loss=0.534411 | eval_loss=0.549615 | lr=0.00050000 | elapsed_seconds=435.18
2026-03-27 14:14:45,296 | INFO | aca_sft | Evaluation report | step=8400/50000 | train_loss=0.530325 | eval_loss=0.550003 | lr=0.00050000 | elapsed_seconds=440.36
2026-03-27 14:14:50,473 | INFO | aca_sft | Evaluation report | step=8500/50000 | train_loss=0.524293 | eval_loss=0.549390 | lr=0.00050000 | elapsed_seconds=445.54
2026-03-27 14:14:55,649 | INFO | aca_sft | Evaluation report | step=8600/50000 | train_loss=0.530835 | eval_loss=0.549437 | lr=0.00050000 | elapsed_seconds=450.71
2026-03-27 14:15:00,835 | INFO | aca_sft | Evaluation report | step=8700/50000 | train_loss=0.530461 | eval_loss=0.548186 | lr=0.00050000 | elapsed_seconds=455.90
2026-03-27 14:15:06,018 | INFO | aca_sft | Evaluation report | step=8800/50000 | train_loss=0.529552 | eval_loss=0.547067 | lr=0.00050000 | elapsed_seconds=461.08
2026-03-27 14:15:11,201 | INFO | aca_sft | Evaluation report | step=8900/50000 | train_loss=0.527827 | eval_loss=0.546603 | lr=0.00050000 | elapsed_seconds=466.26
2026-03-27 14:15:16,381 | INFO | aca_sft | Evaluation report | step=9000/50000 | train_loss=0.531535 | eval_loss=0.544051 | lr=0.00050000 | elapsed_seconds=471.45
2026-03-27 14:15:21,562 | INFO | aca_sft | Evaluation report | step=9100/50000 | train_loss=0.527364 | eval_loss=0.545035 | lr=0.00050000 | elapsed_seconds=476.63
2026-03-27 14:15:26,744 | INFO | aca_sft | Evaluation report | step=9200/50000 | train_loss=0.526420 | eval_loss=0.543127 | lr=0.00050000 | elapsed_seconds=481.81
2026-03-27 14:15:31,938 | INFO | aca_sft | Evaluation report | step=9300/50000 | train_loss=0.524163 | eval_loss=0.544031 | lr=0.00050000 | elapsed_seconds=487.00
2026-03-27 14:15:37,126 | INFO | aca_sft | Evaluation report | step=9400/50000 | train_loss=0.524596 | eval_loss=0.542738 | lr=0.00050000 | elapsed_seconds=492.19
2026-03-27 14:15:42,302 | INFO | aca_sft | Evaluation report | step=9500/50000 | train_loss=0.523475 | eval_loss=0.543358 | lr=0.00050000 | elapsed_seconds=497.37
2026-03-27 14:15:47,476 | INFO | aca_sft | Evaluation report | step=9600/50000 | train_loss=0.524533 | eval_loss=0.542299 | lr=0.00050000 | elapsed_seconds=502.54
2026-03-27 14:15:52,653 | INFO | aca_sft | Evaluation report | step=9700/50000 | train_loss=0.526053 | eval_loss=0.542995 | lr=0.00050000 | elapsed_seconds=507.72
2026-03-27 14:15:57,832 | INFO | aca_sft | Evaluation report | step=9800/50000 | train_loss=0.527406 | eval_loss=0.540435 | lr=0.00050000 | elapsed_seconds=512.90
2026-03-27 14:16:03,019 | INFO | aca_sft | Evaluation report | step=9900/50000 | train_loss=0.525710 | eval_loss=0.541769 | lr=0.00050000 | elapsed_seconds=518.08
2026-03-27 14:16:08,203 | INFO | aca_sft | Evaluation report | step=10000/50000 | train_loss=0.519578 | eval_loss=0.541154 | lr=0.00050000 | elapsed_seconds=523.27
2026-03-27 14:16:13,384 | INFO | aca_sft | Evaluation report | step=10100/50000 | train_loss=0.528409 | eval_loss=0.543590 | lr=0.00050000 | elapsed_seconds=528.45
2026-03-27 14:16:18,566 | INFO | aca_sft | Evaluation report | step=10200/50000 | train_loss=0.525698 | eval_loss=0.541762 | lr=0.00050000 | elapsed_seconds=533.63
2026-03-27 14:16:23,752 | INFO | aca_sft | Evaluation report | step=10300/50000 | train_loss=0.525233 | eval_loss=0.542378 | lr=0.00050000 | elapsed_seconds=538.82
2026-03-27 14:16:28,930 | INFO | aca_sft | Evaluation report | step=10400/50000 | train_loss=0.524500 | eval_loss=0.541845 | lr=0.00050000 | elapsed_seconds=543.99
2026-03-27 14:16:34,113 | INFO | aca_sft | Evaluation report | step=10500/50000 | train_loss=0.524556 | eval_loss=0.543088 | lr=0.00050000 | elapsed_seconds=549.18
2026-03-27 14:16:39,297 | INFO | aca_sft | Evaluation report | step=10600/50000 | train_loss=0.521772 | eval_loss=0.541517 | lr=0.00050000 | elapsed_seconds=554.36
2026-03-27 14:16:44,474 | INFO | aca_sft | Evaluation report | step=10700/50000 | train_loss=0.520695 | eval_loss=0.540323 | lr=0.00050000 | elapsed_seconds=559.54
2026-03-27 14:16:49,650 | INFO | aca_sft | Evaluation report | step=10800/50000 | train_loss=0.518720 | eval_loss=0.538748 | lr=0.00050000 | elapsed_seconds=564.71
2026-03-27 14:16:54,836 | INFO | aca_sft | Evaluation report | step=10900/50000 | train_loss=0.525365 | eval_loss=0.538345 | lr=0.00050000 | elapsed_seconds=569.90
2026-03-27 14:17:00,012 | INFO | aca_sft | Evaluation report | step=11000/50000 | train_loss=0.519769 | eval_loss=0.538119 | lr=0.00050000 | elapsed_seconds=575.08
2026-03-27 14:17:05,186 | INFO | aca_sft | Evaluation report | step=11100/50000 | train_loss=0.520205 | eval_loss=0.539075 | lr=0.00050000 | elapsed_seconds=580.25
2026-03-27 14:17:10,364 | INFO | aca_sft | Evaluation report | step=11200/50000 | train_loss=0.516053 | eval_loss=0.537626 | lr=0.00050000 | elapsed_seconds=585.43
2026-03-27 14:17:15,551 | INFO | aca_sft | Evaluation report | step=11300/50000 | train_loss=0.518348 | eval_loss=0.537988 | lr=0.00050000 | elapsed_seconds=590.62
2026-03-27 14:17:20,736 | INFO | aca_sft | Evaluation report | step=11400/50000 | train_loss=0.517969 | eval_loss=0.537057 | lr=0.00050000 | elapsed_seconds=595.80
2026-03-27 14:17:25,916 | INFO | aca_sft | Evaluation report | step=11500/50000 | train_loss=0.518931 | eval_loss=0.535744 | lr=0.00050000 | elapsed_seconds=600.98
2026-03-27 14:17:31,099 | INFO | aca_sft | Evaluation report | step=11600/50000 | train_loss=0.521000 | eval_loss=0.535880 | lr=0.00050000 | elapsed_seconds=606.16
2026-03-27 14:17:36,279 | INFO | aca_sft | Evaluation report | step=11700/50000 | train_loss=0.519369 | eval_loss=0.538805 | lr=0.00050000 | elapsed_seconds=611.34
2026-03-27 14:17:41,458 | INFO | aca_sft | Evaluation report | step=11800/50000 | train_loss=0.521356 | eval_loss=0.537141 | lr=0.00050000 | elapsed_seconds=616.52
2026-03-27 14:17:46,656 | INFO | aca_sft | Evaluation report | step=11900/50000 | train_loss=0.515569 | eval_loss=0.536853 | lr=0.00050000 | elapsed_seconds=621.72
2026-03-27 14:17:51,837 | INFO | aca_sft | Evaluation report | step=12000/50000 | train_loss=0.519017 | eval_loss=0.537345 | lr=0.00050000 | elapsed_seconds=626.90
2026-03-27 14:17:57,023 | INFO | aca_sft | Evaluation report | step=12100/50000 | train_loss=0.515736 | eval_loss=0.537977 | lr=0.00050000 | elapsed_seconds=632.09
2026-03-27 14:18:02,206 | INFO | aca_sft | Evaluation report | step=12200/50000 | train_loss=0.515602 | eval_loss=0.536278 | lr=0.00050000 | elapsed_seconds=637.27
2026-03-27 14:18:07,384 | INFO | aca_sft | Evaluation report | step=12300/50000 | train_loss=0.517626 | eval_loss=0.534859 | lr=0.00050000 | elapsed_seconds=642.45
2026-03-27 14:18:12,561 | INFO | aca_sft | Evaluation report | step=12400/50000 | train_loss=0.512197 | eval_loss=0.535786 | lr=0.00050000 | elapsed_seconds=647.63
2026-03-27 14:18:17,747 | INFO | aca_sft | Evaluation report | step=12500/50000 | train_loss=0.518193 | eval_loss=0.535948 | lr=0.00050000 | elapsed_seconds=652.81
2026-03-27 14:18:22,934 | INFO | aca_sft | Evaluation report | step=12600/50000 | train_loss=0.514794 | eval_loss=0.534951 | lr=0.00050000 | elapsed_seconds=658.00
2026-03-27 14:18:28,120 | INFO | aca_sft | Evaluation report | step=12700/50000 | train_loss=0.513671 | eval_loss=0.535053 | lr=0.00050000 | elapsed_seconds=663.18
2026-03-27 14:18:33,309 | INFO | aca_sft | Evaluation report | step=12800/50000 | train_loss=0.515214 | eval_loss=0.534246 | lr=0.00050000 | elapsed_seconds=668.37
2026-03-27 14:18:38,501 | INFO | aca_sft | Evaluation report | step=12900/50000 | train_loss=0.512585 | eval_loss=0.536140 | lr=0.00050000 | elapsed_seconds=673.56
2026-03-27 14:18:43,688 | INFO | aca_sft | Evaluation report | step=13000/50000 | train_loss=0.512705 | eval_loss=0.535094 | lr=0.00050000 | elapsed_seconds=678.75
2026-03-27 14:18:48,883 | INFO | aca_sft | Evaluation report | step=13100/50000 | train_loss=0.516829 | eval_loss=0.533812 | lr=0.00050000 | elapsed_seconds=683.95
2026-03-27 14:18:54,074 | INFO | aca_sft | Evaluation report | step=13200/50000 | train_loss=0.513093 | eval_loss=0.532013 | lr=0.00050000 | elapsed_seconds=689.14
2026-03-27 14:18:59,256 | INFO | aca_sft | Evaluation report | step=13300/50000 | train_loss=0.512596 | eval_loss=0.531401 | lr=0.00050000 | elapsed_seconds=694.32
2026-03-27 14:19:04,444 | INFO | aca_sft | Evaluation report | step=13400/50000 | train_loss=0.509490 | eval_loss=0.529615 | lr=0.00050000 | elapsed_seconds=699.51
2026-03-27 14:19:09,629 | INFO | aca_sft | Evaluation report | step=13500/50000 | train_loss=0.513893 | eval_loss=0.530315 | lr=0.00050000 | elapsed_seconds=704.69
2026-03-27 14:19:14,818 | INFO | aca_sft | Evaluation report | step=13600/50000 | train_loss=0.514217 | eval_loss=0.530760 | lr=0.00050000 | elapsed_seconds=709.88
2026-03-27 14:19:20,000 | INFO | aca_sft | Evaluation report | step=13700/50000 | train_loss=0.510374 | eval_loss=0.531146 | lr=0.00050000 | elapsed_seconds=715.06
2026-03-27 14:19:25,199 | INFO | aca_sft | Evaluation report | step=13800/50000 | train_loss=0.509195 | eval_loss=0.533242 | lr=0.00050000 | elapsed_seconds=720.26
2026-03-27 14:19:30,386 | INFO | aca_sft | Evaluation report | step=13900/50000 | train_loss=0.503872 | eval_loss=0.531534 | lr=0.00050000 | elapsed_seconds=725.45
2026-03-27 14:19:35,572 | INFO | aca_sft | Evaluation report | step=14000/50000 | train_loss=0.504793 | eval_loss=0.532528 | lr=0.00050000 | elapsed_seconds=730.64
2026-03-27 14:19:40,762 | INFO | aca_sft | Evaluation report | step=14100/50000 | train_loss=0.503609 | eval_loss=0.531817 | lr=0.00050000 | elapsed_seconds=735.83
2026-03-27 14:19:45,940 | INFO | aca_sft | Evaluation report | step=14200/50000 | train_loss=0.505425 | eval_loss=0.531901 | lr=0.00050000 | elapsed_seconds=741.00
2026-03-27 14:19:51,125 | INFO | aca_sft | Evaluation report | step=14300/50000 | train_loss=0.501172 | eval_loss=0.531790 | lr=0.00050000 | elapsed_seconds=746.19
2026-03-27 14:19:56,315 | INFO | aca_sft | Evaluation report | step=14400/50000 | train_loss=0.502770 | eval_loss=0.530917 | lr=0.00050000 | elapsed_seconds=751.38
2026-03-27 14:20:01,494 | INFO | aca_sft | Evaluation report | step=14500/50000 | train_loss=0.509818 | eval_loss=0.530543 | lr=0.00010000 | elapsed_seconds=756.56
2026-03-27 14:20:06,680 | INFO | aca_sft | Evaluation report | step=14600/50000 | train_loss=0.503786 | eval_loss=0.524637 | lr=0.00010000 | elapsed_seconds=761.74
2026-03-27 14:20:11,868 | INFO | aca_sft | Evaluation report | step=14700/50000 | train_loss=0.494592 | eval_loss=0.522468 | lr=0.00010000 | elapsed_seconds=766.93
2026-03-27 14:20:17,049 | INFO | aca_sft | Evaluation report | step=14800/50000 | train_loss=0.499941 | eval_loss=0.520855 | lr=0.00010000 | elapsed_seconds=772.11
2026-03-27 14:20:22,224 | INFO | aca_sft | Evaluation report | step=14900/50000 | train_loss=0.493357 | eval_loss=0.520189 | lr=0.00010000 | elapsed_seconds=777.29
2026-03-27 14:20:27,409 | INFO | aca_sft | Evaluation report | step=15000/50000 | train_loss=0.493211 | eval_loss=0.519590 | lr=0.00010000 | elapsed_seconds=782.47
2026-03-27 14:20:32,589 | INFO | aca_sft | Evaluation report | step=15100/50000 | train_loss=0.492766 | eval_loss=0.518973 | lr=0.00010000 | elapsed_seconds=787.65
2026-03-27 14:20:37,778 | INFO | aca_sft | Evaluation report | step=15200/50000 | train_loss=0.492298 | eval_loss=0.518576 | lr=0.00010000 | elapsed_seconds=792.84
2026-03-27 14:20:42,963 | INFO | aca_sft | Evaluation report | step=15300/50000 | train_loss=0.486456 | eval_loss=0.517901 | lr=0.00010000 | elapsed_seconds=798.03
2026-03-27 14:20:48,159 | INFO | aca_sft | Evaluation report | step=15400/50000 | train_loss=0.484298 | eval_loss=0.517218 | lr=0.00010000 | elapsed_seconds=803.22
2026-03-27 14:20:53,344 | INFO | aca_sft | Evaluation report | step=15500/50000 | train_loss=0.490384 | eval_loss=0.516874 | lr=0.00010000 | elapsed_seconds=808.41
2026-03-27 14:20:58,537 | INFO | aca_sft | Evaluation report | step=15600/50000 | train_loss=0.490146 | eval_loss=0.516172 | lr=0.00010000 | elapsed_seconds=813.60
2026-03-27 14:21:03,721 | INFO | aca_sft | Evaluation report | step=15700/50000 | train_loss=0.486840 | eval_loss=0.515473 | lr=0.00010000 | elapsed_seconds=818.78
2026-03-27 14:21:08,911 | INFO | aca_sft | Evaluation report | step=15800/50000 | train_loss=0.484330 | eval_loss=0.515233 | lr=0.00010000 | elapsed_seconds=823.98
2026-03-27 14:21:14,099 | INFO | aca_sft | Evaluation report | step=15900/50000 | train_loss=0.487877 | eval_loss=0.514421 | lr=0.00010000 | elapsed_seconds=829.16
2026-03-27 14:21:19,291 | INFO | aca_sft | Evaluation report | step=16000/50000 | train_loss=0.486982 | eval_loss=0.513721 | lr=0.00010000 | elapsed_seconds=834.36
2026-03-27 14:21:24,494 | INFO | aca_sft | Evaluation report | step=16100/50000 | train_loss=0.483393 | eval_loss=0.513476 | lr=0.00010000 | elapsed_seconds=839.56
2026-03-27 14:21:29,676 | INFO | aca_sft | Evaluation report | step=16200/50000 | train_loss=0.482547 | eval_loss=0.512958 | lr=0.00010000 | elapsed_seconds=844.74
2026-03-27 14:21:34,869 | INFO | aca_sft | Evaluation report | step=16300/50000 | train_loss=0.482002 | eval_loss=0.512255 | lr=0.00010000 | elapsed_seconds=849.93
2026-03-27 14:21:40,061 | INFO | aca_sft | Evaluation report | step=16400/50000 | train_loss=0.478976 | eval_loss=0.512290 | lr=0.00010000 | elapsed_seconds=855.12
2026-03-27 14:21:45,257 | INFO | aca_sft | Evaluation report | step=16500/50000 | train_loss=0.483097 | eval_loss=0.512461 | lr=0.00010000 | elapsed_seconds=860.32
2026-03-27 14:21:50,445 | INFO | aca_sft | Evaluation report | step=16600/50000 | train_loss=0.483611 | eval_loss=0.512353 | lr=0.00010000 | elapsed_seconds=865.51
2026-03-27 14:21:55,635 | INFO | aca_sft | Evaluation report | step=16700/50000 | train_loss=0.484676 | eval_loss=0.511414 | lr=0.00010000 | elapsed_seconds=870.70
2026-03-27 14:22:00,829 | INFO | aca_sft | Evaluation report | step=16800/50000 | train_loss=0.478776 | eval_loss=0.512329 | lr=0.00010000 | elapsed_seconds=875.89
2026-03-27 14:22:06,013 | INFO | aca_sft | Evaluation report | step=16900/50000 | train_loss=0.478002 | eval_loss=0.511807 | lr=0.00010000 | elapsed_seconds=881.08
2026-03-27 14:22:11,204 | INFO | aca_sft | Evaluation report | step=17000/50000 | train_loss=0.485723 | eval_loss=0.511598 | lr=0.00010000 | elapsed_seconds=886.27
2026-03-27 14:22:16,394 | INFO | aca_sft | Evaluation report | step=17100/50000 | train_loss=0.483231 | eval_loss=0.511493 | lr=0.00010000 | elapsed_seconds=891.46
2026-03-27 14:22:21,583 | INFO | aca_sft | Evaluation report | step=17200/50000 | train_loss=0.480469 | eval_loss=0.511851 | lr=0.00010000 | elapsed_seconds=896.65
2026-03-27 14:22:26,765 | INFO | aca_sft | Evaluation report | step=17300/50000 | train_loss=0.481235 | eval_loss=0.512215 | lr=0.00010000 | elapsed_seconds=901.83
2026-03-27 14:22:31,959 | INFO | aca_sft | Evaluation report | step=17400/50000 | train_loss=0.481690 | eval_loss=0.511812 | lr=0.00010000 | elapsed_seconds=907.02
2026-03-27 14:22:37,145 | INFO | aca_sft | Evaluation report | step=17500/50000 | train_loss=0.476767 | eval_loss=0.511505 | lr=0.00010000 | elapsed_seconds=912.21
2026-03-27 14:22:42,331 | INFO | aca_sft | Evaluation report | step=17600/50000 | train_loss=0.471514 | eval_loss=0.511265 | lr=0.00010000 | elapsed_seconds=917.39
2026-03-27 14:22:47,521 | INFO | aca_sft | Evaluation report | step=17700/50000 | train_loss=0.481229 | eval_loss=0.510713 | lr=0.00010000 | elapsed_seconds=922.59
2026-03-27 14:22:52,709 | INFO | aca_sft | Evaluation report | step=17800/50000 | train_loss=0.476278 | eval_loss=0.510701 | lr=0.00010000 | elapsed_seconds=927.77
2026-03-27 14:22:57,899 | INFO | aca_sft | Evaluation report | step=17900/50000 | train_loss=0.477036 | eval_loss=0.510704 | lr=0.00010000 | elapsed_seconds=932.96
2026-03-27 14:23:03,092 | INFO | aca_sft | Evaluation report | step=18000/50000 | train_loss=0.474033 | eval_loss=0.510755 | lr=0.00010000 | elapsed_seconds=938.16
2026-03-27 14:23:08,282 | INFO | aca_sft | Evaluation report | step=18100/50000 | train_loss=0.473449 | eval_loss=0.509977 | lr=0.00010000 | elapsed_seconds=943.35
2026-03-27 14:23:13,472 | INFO | aca_sft | Evaluation report | step=18200/50000 | train_loss=0.475340 | eval_loss=0.510466 | lr=0.00010000 | elapsed_seconds=948.54
2026-03-27 14:23:18,659 | INFO | aca_sft | Evaluation report | step=18300/50000 | train_loss=0.472671 | eval_loss=0.509853 | lr=0.00010000 | elapsed_seconds=953.72
2026-03-27 14:23:23,853 | INFO | aca_sft | Evaluation report | step=18400/50000 | train_loss=0.474690 | eval_loss=0.509572 | lr=0.00010000 | elapsed_seconds=958.92
2026-03-27 14:23:29,045 | INFO | aca_sft | Evaluation report | step=18500/50000 | train_loss=0.473868 | eval_loss=0.509640 | lr=0.00010000 | elapsed_seconds=964.11
2026-03-27 14:23:34,229 | INFO | aca_sft | Evaluation report | step=18600/50000 | train_loss=0.474793 | eval_loss=0.510333 | lr=0.00010000 | elapsed_seconds=969.29
2026-03-27 14:23:39,420 | INFO | aca_sft | Evaluation report | step=18700/50000 | train_loss=0.474719 | eval_loss=0.510471 | lr=0.00010000 | elapsed_seconds=974.48
2026-03-27 14:23:44,597 | INFO | aca_sft | Evaluation report | step=18800/50000 | train_loss=0.469288 | eval_loss=0.510235 | lr=0.00010000 | elapsed_seconds=979.66
2026-03-27 14:23:49,781 | INFO | aca_sft | Evaluation report | step=18900/50000 | train_loss=0.473615 | eval_loss=0.510479 | lr=0.00010000 | elapsed_seconds=984.84
2026-03-27 14:23:54,958 | INFO | aca_sft | Evaluation report | step=19000/50000 | train_loss=0.468588 | eval_loss=0.510819 | lr=0.00010000 | elapsed_seconds=990.02
2026-03-27 14:24:00,143 | INFO | aca_sft | Evaluation report | step=19100/50000 | train_loss=0.469971 | eval_loss=0.510263 | lr=0.00010000 | elapsed_seconds=995.21
2026-03-27 14:24:05,329 | INFO | aca_sft | Evaluation report | step=19200/50000 | train_loss=0.470828 | eval_loss=0.510062 | lr=0.00010000 | elapsed_seconds=1000.39
2026-03-27 14:24:10,512 | INFO | aca_sft | Evaluation report | step=19300/50000 | train_loss=0.468405 | eval_loss=0.509674 | lr=0.00010000 | elapsed_seconds=1005.58
2026-03-27 14:24:15,702 | INFO | aca_sft | Evaluation report | step=19400/50000 | train_loss=0.468956 | eval_loss=0.509797 | lr=0.00010000 | elapsed_seconds=1010.77
2026-03-27 14:24:20,889 | INFO | aca_sft | Evaluation report | step=19500/50000 | train_loss=0.468924 | eval_loss=0.509932 | lr=0.00002000 | elapsed_seconds=1015.95
2026-03-27 14:24:26,075 | INFO | aca_sft | Evaluation report | step=19600/50000 | train_loss=0.465924 | eval_loss=0.509150 | lr=0.00002000 | elapsed_seconds=1021.14
2026-03-27 14:24:31,260 | INFO | aca_sft | Evaluation report | step=19700/50000 | train_loss=0.468736 | eval_loss=0.508820 | lr=0.00002000 | elapsed_seconds=1026.32
2026-03-27 14:24:36,441 | INFO | aca_sft | Evaluation report | step=19800/50000 | train_loss=0.464172 | eval_loss=0.508707 | lr=0.00002000 | elapsed_seconds=1031.50
2026-03-27 14:24:41,623 | INFO | aca_sft | Evaluation report | step=19900/50000 | train_loss=0.465609 | eval_loss=0.508517 | lr=0.00002000 | elapsed_seconds=1036.69
2026-03-27 14:24:46,813 | INFO | aca_sft | Evaluation report | step=20000/50000 | train_loss=0.468526 | eval_loss=0.508291 | lr=0.00002000 | elapsed_seconds=1041.88
2026-03-27 14:24:51,985 | INFO | aca_sft | Evaluation report | step=20100/50000 | train_loss=0.463722 | eval_loss=0.508253 | lr=0.00002000 | elapsed_seconds=1047.05
2026-03-27 14:24:57,178 | INFO | aca_sft | Evaluation report | step=20200/50000 | train_loss=0.463494 | eval_loss=0.507953 | lr=0.00002000 | elapsed_seconds=1052.24
2026-03-27 14:25:02,369 | INFO | aca_sft | Evaluation report | step=20300/50000 | train_loss=0.461536 | eval_loss=0.507873 | lr=0.00002000 | elapsed_seconds=1057.43
2026-03-27 14:25:07,553 | INFO | aca_sft | Evaluation report | step=20400/50000 | train_loss=0.463935 | eval_loss=0.507771 | lr=0.00002000 | elapsed_seconds=1062.62
2026-03-27 14:25:12,742 | INFO | aca_sft | Evaluation report | step=20500/50000 | train_loss=0.463270 | eval_loss=0.507729 | lr=0.00002000 | elapsed_seconds=1067.81
2026-03-27 14:25:17,920 | INFO | aca_sft | Evaluation report | step=20600/50000 | train_loss=0.457003 | eval_loss=0.507844 | lr=0.00002000 | elapsed_seconds=1072.98
2026-03-27 14:25:23,100 | INFO | aca_sft | Evaluation report | step=20700/50000 | train_loss=0.459769 | eval_loss=0.507851 | lr=0.00002000 | elapsed_seconds=1078.16
2026-03-27 14:25:28,281 | INFO | aca_sft | Evaluation report | step=20800/50000 | train_loss=0.451134 | eval_loss=0.507908 | lr=0.00002000 | elapsed_seconds=1083.35
2026-03-27 14:25:33,475 | INFO | aca_sft | Evaluation report | step=20900/50000 | train_loss=0.451589 | eval_loss=0.508021 | lr=0.00002000 | elapsed_seconds=1088.54
2026-03-27 14:25:38,666 | INFO | aca_sft | Evaluation report | step=21000/50000 | train_loss=0.452802 | eval_loss=0.507816 | lr=0.00002000 | elapsed_seconds=1093.73
2026-03-27 14:25:43,849 | INFO | aca_sft | Evaluation report | step=21100/50000 | train_loss=0.449573 | eval_loss=0.507977 | lr=0.00002000 | elapsed_seconds=1098.91
2026-03-27 14:25:49,034 | INFO | aca_sft | Evaluation report | step=21200/50000 | train_loss=0.446762 | eval_loss=0.508116 | lr=0.00002000 | elapsed_seconds=1104.10
2026-03-27 14:25:54,208 | INFO | aca_sft | Evaluation report | step=21300/50000 | train_loss=0.446776 | eval_loss=0.508410 | lr=0.00002000 | elapsed_seconds=1109.27
2026-03-27 14:25:59,391 | INFO | aca_sft | Evaluation report | step=21400/50000 | train_loss=0.464128 | eval_loss=0.507565 | lr=0.00002000 | elapsed_seconds=1114.45
2026-03-27 14:26:04,583 | INFO | aca_sft | Evaluation report | step=21500/50000 | train_loss=0.476031 | eval_loss=0.506818 | lr=0.00002000 | elapsed_seconds=1119.65
2026-03-27 14:26:09,769 | INFO | aca_sft | Evaluation report | step=21600/50000 | train_loss=0.469087 | eval_loss=0.506668 | lr=0.00002000 | elapsed_seconds=1124.83
2026-03-27 14:26:14,949 | INFO | aca_sft | Evaluation report | step=21700/50000 | train_loss=0.476299 | eval_loss=0.506454 | lr=0.00002000 | elapsed_seconds=1130.01
2026-03-27 14:26:20,131 | INFO | aca_sft | Evaluation report | step=21800/50000 | train_loss=0.471065 | eval_loss=0.506596 | lr=0.00002000 | elapsed_seconds=1135.19
2026-03-27 14:26:25,316 | INFO | aca_sft | Evaluation report | step=21900/50000 | train_loss=0.472522 | eval_loss=0.506570 | lr=0.00002000 | elapsed_seconds=1140.38
2026-03-27 14:26:30,504 | INFO | aca_sft | Evaluation report | step=22000/50000 | train_loss=0.475314 | eval_loss=0.506432 | lr=0.00002000 | elapsed_seconds=1145.57
2026-03-27 14:26:35,687 | INFO | aca_sft | Evaluation report | step=22100/50000 | train_loss=0.470871 | eval_loss=0.506504 | lr=0.00002000 | elapsed_seconds=1150.75
2026-03-27 14:26:40,870 | INFO | aca_sft | Evaluation report | step=22200/50000 | train_loss=0.466351 | eval_loss=0.506714 | lr=0.00002000 | elapsed_seconds=1155.93
2026-03-27 14:26:46,053 | INFO | aca_sft | Evaluation report | step=22300/50000 | train_loss=0.472355 | eval_loss=0.506460 | lr=0.00002000 | elapsed_seconds=1161.12
2026-03-27 14:26:51,232 | INFO | aca_sft | Evaluation report | step=22400/50000 | train_loss=0.466985 | eval_loss=0.506479 | lr=0.00002000 | elapsed_seconds=1166.30
2026-03-27 14:26:56,414 | INFO | aca_sft | Evaluation report | step=22500/50000 | train_loss=0.474547 | eval_loss=0.506310 | lr=0.00002000 | elapsed_seconds=1171.48
2026-03-27 14:27:01,593 | INFO | aca_sft | Evaluation report | step=22600/50000 | train_loss=0.470324 | eval_loss=0.506248 | lr=0.00002000 | elapsed_seconds=1176.66
2026-03-27 14:27:06,770 | INFO | aca_sft | Evaluation report | step=22700/50000 | train_loss=0.468288 | eval_loss=0.506346 | lr=0.00002000 | elapsed_seconds=1181.83
2026-03-27 14:27:11,953 | INFO | aca_sft | Evaluation report | step=22800/50000 | train_loss=0.468929 | eval_loss=0.506092 | lr=0.00002000 | elapsed_seconds=1187.02
2026-03-27 14:27:17,149 | INFO | aca_sft | Evaluation report | step=22900/50000 | train_loss=0.470590 | eval_loss=0.505843 | lr=0.00002000 | elapsed_seconds=1192.21
2026-03-27 14:27:22,329 | INFO | aca_sft | Evaluation report | step=23000/50000 | train_loss=0.466270 | eval_loss=0.505841 | lr=0.00002000 | elapsed_seconds=1197.39
2026-03-27 14:27:27,514 | INFO | aca_sft | Evaluation report | step=23100/50000 | train_loss=0.464059 | eval_loss=0.505780 | lr=0.00002000 | elapsed_seconds=1202.58
2026-03-27 14:27:32,705 | INFO | aca_sft | Evaluation report | step=23200/50000 | train_loss=0.467422 | eval_loss=0.505757 | lr=0.00002000 | elapsed_seconds=1207.77
2026-03-27 14:27:37,891 | INFO | aca_sft | Evaluation report | step=23300/50000 | train_loss=0.461686 | eval_loss=0.505628 | lr=0.00002000 | elapsed_seconds=1212.95
2026-03-27 14:27:43,083 | INFO | aca_sft | Evaluation report | step=23400/50000 | train_loss=0.468997 | eval_loss=0.505802 | lr=0.00002000 | elapsed_seconds=1218.15
2026-03-27 14:27:48,271 | INFO | aca_sft | Evaluation report | step=23500/50000 | train_loss=0.468338 | eval_loss=0.505676 | lr=0.00002000 | elapsed_seconds=1223.33
2026-03-27 14:27:53,446 | INFO | aca_sft | Evaluation report | step=23600/50000 | train_loss=0.468975 | eval_loss=0.505622 | lr=0.00002000 | elapsed_seconds=1228.51
2026-03-27 14:27:58,631 | INFO | aca_sft | Evaluation report | step=23700/50000 | train_loss=0.463835 | eval_loss=0.505824 | lr=0.00002000 | elapsed_seconds=1233.69
2026-03-27 14:28:03,806 | INFO | aca_sft | Evaluation report | step=23800/50000 | train_loss=0.463562 | eval_loss=0.505824 | lr=0.00002000 | elapsed_seconds=1238.87
2026-03-27 14:28:08,984 | INFO | aca_sft | Evaluation report | step=23900/50000 | train_loss=0.468503 | eval_loss=0.505612 | lr=0.00002000 | elapsed_seconds=1244.05
2026-03-27 14:28:14,161 | INFO | aca_sft | Evaluation report | step=24000/50000 | train_loss=0.468552 | eval_loss=0.505717 | lr=0.00002000 | elapsed_seconds=1249.22
2026-03-27 14:28:19,337 | INFO | aca_sft | Evaluation report | step=24100/50000 | train_loss=0.465144 | eval_loss=0.505753 | lr=0.00002000 | elapsed_seconds=1254.40
2026-03-27 14:28:24,517 | INFO | aca_sft | Evaluation report | step=24200/50000 | train_loss=0.467130 | eval_loss=0.505959 | lr=0.00002000 | elapsed_seconds=1259.58
2026-03-27 14:28:29,692 | INFO | aca_sft | Evaluation report | step=24300/50000 | train_loss=0.465117 | eval_loss=0.505915 | lr=0.00002000 | elapsed_seconds=1264.76
2026-03-27 14:28:34,866 | INFO | aca_sft | Evaluation report | step=24400/50000 | train_loss=0.461131 | eval_loss=0.505951 | lr=0.00000500 | elapsed_seconds=1269.93
2026-03-27 14:28:40,044 | INFO | aca_sft | Evaluation report | step=24500/50000 | train_loss=0.459221 | eval_loss=0.505820 | lr=0.00000500 | elapsed_seconds=1275.11
2026-03-27 14:28:45,219 | INFO | aca_sft | Evaluation report | step=24600/50000 | train_loss=0.466187 | eval_loss=0.505787 | lr=0.00000500 | elapsed_seconds=1280.28
2026-03-27 14:28:50,396 | INFO | aca_sft | Evaluation report | step=24700/50000 | train_loss=0.459192 | eval_loss=0.505834 | lr=0.00000500 | elapsed_seconds=1285.46
2026-03-27 14:28:55,572 | INFO | aca_sft | Evaluation report | step=24800/50000 | train_loss=0.463318 | eval_loss=0.505826 | lr=0.00000500 | elapsed_seconds=1290.64
2026-03-27 14:29:00,757 | INFO | aca_sft | Evaluation report | step=24900/50000 | train_loss=0.456000 | eval_loss=0.505880 | lr=0.00000500 | elapsed_seconds=1295.82
2026-03-27 14:29:05,933 | INFO | aca_sft | Evaluation report | step=25000/50000 | train_loss=0.460747 | eval_loss=0.505797 | lr=0.00000500 | elapsed_seconds=1301.00
2026-03-27 14:29:06,180 | INFO | aca_sft | Saved checkpoint: /outputs/sft_runs/2026-03-27T14-05-30Z/checkpoints/sft_model_checkpoint_25000.pt
2026-03-27 14:29:11,357 | INFO | aca_sft | Evaluation report | step=25100/50000 | train_loss=0.461488 | eval_loss=0.505820 | lr=0.00000500 | elapsed_seconds=1306.42
2026-03-27 14:29:16,545 | INFO | aca_sft | Evaluation report | step=25200/50000 | train_loss=0.457425 | eval_loss=0.505784 | lr=0.00000500 | elapsed_seconds=1311.61
2026-03-27 14:29:21,718 | INFO | aca_sft | Evaluation report | step=25300/50000 | train_loss=0.459531 | eval_loss=0.505807 | lr=0.00000500 | elapsed_seconds=1316.78
2026-03-27 14:29:26,892 | INFO | aca_sft | Evaluation report | step=25400/50000 | train_loss=0.457563 | eval_loss=0.505820 | lr=0.00000500 | elapsed_seconds=1321.96
2026-03-27 14:29:32,066 | INFO | aca_sft | Evaluation report | step=25500/50000 | train_loss=0.461380 | eval_loss=0.505835 | lr=0.00000500 | elapsed_seconds=1327.13
2026-03-27 14:29:37,254 | INFO | aca_sft | Evaluation report | step=25600/50000 | train_loss=0.456885 | eval_loss=0.505889 | lr=0.00000500 | elapsed_seconds=1332.32
2026-03-27 14:29:42,433 | INFO | aca_sft | Evaluation report | step=25700/50000 | train_loss=0.455361 | eval_loss=0.505900 | lr=0.00000500 | elapsed_seconds=1337.50
2026-03-27 14:29:47,606 | INFO | aca_sft | Evaluation report | step=25800/50000 | train_loss=0.458965 | eval_loss=0.505937 | lr=0.00000500 | elapsed_seconds=1342.67
2026-03-27 14:29:52,777 | INFO | aca_sft | Evaluation report | step=25900/50000 | train_loss=0.450833 | eval_loss=0.506024 | lr=0.00000500 | elapsed_seconds=1347.84
2026-03-27 14:29:57,948 | INFO | aca_sft | Evaluation report | step=26000/50000 | train_loss=0.456415 | eval_loss=0.506024 | lr=0.00000500 | elapsed_seconds=1353.01
2026-03-27 14:30:03,117 | INFO | aca_sft | Evaluation report | step=26100/50000 | train_loss=0.450599 | eval_loss=0.506096 | lr=0.00000500 | elapsed_seconds=1358.18
2026-03-27 14:30:08,290 | INFO | aca_sft | Evaluation report | step=26200/50000 | train_loss=0.454578 | eval_loss=0.506112 | lr=0.00000500 | elapsed_seconds=1363.35
2026-03-27 14:30:13,457 | INFO | aca_sft | Evaluation report | step=26300/50000 | train_loss=0.450261 | eval_loss=0.506214 | lr=0.00000500 | elapsed_seconds=1368.52
2026-03-27 14:30:18,626 | INFO | aca_sft | Evaluation report | step=26400/50000 | train_loss=0.455530 | eval_loss=0.506133 | lr=0.00000500 | elapsed_seconds=1373.69
2026-03-27 14:30:23,787 | INFO | aca_sft | Evaluation report | step=26500/50000 | train_loss=0.462738 | eval_loss=0.505926 | lr=0.00000500 | elapsed_seconds=1378.85
2026-03-27 14:30:28,953 | INFO | aca_sft | Evaluation report | step=26600/50000 | train_loss=0.462798 | eval_loss=0.505823 | lr=0.00000500 | elapsed_seconds=1384.02
2026-03-27 14:30:34,118 | INFO | aca_sft | Evaluation report | step=26700/50000 | train_loss=0.458605 | eval_loss=0.505798 | lr=0.00000500 | elapsed_seconds=1389.18
2026-03-27 14:30:39,290 | INFO | aca_sft | Evaluation report | step=26800/50000 | train_loss=0.459823 | eval_loss=0.505775 | lr=0.00000500 | elapsed_seconds=1394.35
2026-03-27 14:30:44,458 | INFO | aca_sft | Evaluation report | step=26900/50000 | train_loss=0.463132 | eval_loss=0.505714 | lr=0.00000500 | elapsed_seconds=1399.52
2026-03-27 14:30:49,631 | INFO | aca_sft | Evaluation report | step=27000/50000 | train_loss=0.458648 | eval_loss=0.505746 | lr=0.00000500 | elapsed_seconds=1404.69
2026-03-27 14:30:54,796 | INFO | aca_sft | Evaluation report | step=27100/50000 | train_loss=0.457754 | eval_loss=0.505693 | lr=0.00000500 | elapsed_seconds=1409.86
2026-03-27 14:30:59,964 | INFO | aca_sft | Evaluation report | step=27200/50000 | train_loss=0.459567 | eval_loss=0.505690 | lr=0.00000500 | elapsed_seconds=1415.03
2026-03-27 14:31:05,139 | INFO | aca_sft | Evaluation report | step=27300/50000 | train_loss=0.460713 | eval_loss=0.505674 | lr=0.00000500 | elapsed_seconds=1420.20
2026-03-27 14:31:10,302 | INFO | aca_sft | Evaluation report | step=27400/50000 | train_loss=0.457063 | eval_loss=0.505708 | lr=0.00000500 | elapsed_seconds=1425.37
2026-03-27 14:31:15,470 | INFO | aca_sft | Evaluation report | step=27500/50000 | train_loss=0.452480 | eval_loss=0.505739 | lr=0.00000500 | elapsed_seconds=1430.53
2026-03-27 14:31:20,638 | INFO | aca_sft | Evaluation report | step=27600/50000 | train_loss=0.453373 | eval_loss=0.505835 | lr=0.00000500 | elapsed_seconds=1435.70
2026-03-27 14:31:25,804 | INFO | aca_sft | Evaluation report | step=27700/50000 | train_loss=0.447450 | eval_loss=0.505901 | lr=0.00000500 | elapsed_seconds=1440.87
2026-03-27 14:31:30,972 | INFO | aca_sft | Evaluation report | step=27800/50000 | train_loss=0.448098 | eval_loss=0.506023 | lr=0.00000500 | elapsed_seconds=1446.04
2026-03-27 14:31:36,134 | INFO | aca_sft | Evaluation report | step=27900/50000 | train_loss=0.449350 | eval_loss=0.506016 | lr=0.00000500 | elapsed_seconds=1451.20
2026-03-27 14:31:41,295 | INFO | aca_sft | Evaluation report | step=28000/50000 | train_loss=0.443546 | eval_loss=0.506117 | lr=0.00000500 | elapsed_seconds=1456.36
2026-03-27 14:31:46,466 | INFO | aca_sft | Evaluation report | step=28100/50000 | train_loss=0.444008 | eval_loss=0.506225 | lr=0.00000500 | elapsed_seconds=1461.53
2026-03-27 14:31:51,634 | INFO | aca_sft | Evaluation report | step=28200/50000 | train_loss=0.446598 | eval_loss=0.506330 | lr=0.00000500 | elapsed_seconds=1466.70
2026-03-27 14:31:56,802 | INFO | aca_sft | Evaluation report | step=28300/50000 | train_loss=0.464796 | eval_loss=0.506003 | lr=0.00000500 | elapsed_seconds=1471.87
2026-03-27 14:32:01,971 | INFO | aca_sft | Evaluation report | step=28400/50000 | train_loss=0.469119 | eval_loss=0.505611 | lr=0.00000500 | elapsed_seconds=1477.03
2026-03-27 14:32:07,139 | INFO | aca_sft | Evaluation report | step=28500/50000 | train_loss=0.468718 | eval_loss=0.505419 | lr=0.00000500 | elapsed_seconds=1482.20
2026-03-27 14:32:12,304 | INFO | aca_sft | Evaluation report | step=28600/50000 | train_loss=0.470606 | eval_loss=0.505291 | lr=0.00000500 | elapsed_seconds=1487.37
2026-03-27 14:32:17,468 | INFO | aca_sft | Evaluation report | step=28700/50000 | train_loss=0.467683 | eval_loss=0.505318 | lr=0.00000500 | elapsed_seconds=1492.53
2026-03-27 14:32:22,634 | INFO | aca_sft | Evaluation report | step=28800/50000 | train_loss=0.468624 | eval_loss=0.505295 | lr=0.00000500 | elapsed_seconds=1497.70
2026-03-27 14:32:27,798 | INFO | aca_sft | Evaluation report | step=28900/50000 | train_loss=0.470398 | eval_loss=0.505210 | lr=0.00000500 | elapsed_seconds=1502.86
2026-03-27 14:32:32,960 | INFO | aca_sft | Evaluation report | step=29000/50000 | train_loss=0.468250 | eval_loss=0.505216 | lr=0.00000500 | elapsed_seconds=1508.02
2026-03-27 14:32:38,129 | INFO | aca_sft | Evaluation report | step=29100/50000 | train_loss=0.461760 | eval_loss=0.505316 | lr=0.00000500 | elapsed_seconds=1513.19
2026-03-27 14:32:43,293 | INFO | aca_sft | Evaluation report | step=29200/50000 | train_loss=0.466655 | eval_loss=0.505304 | lr=0.00000500 | elapsed_seconds=1518.36
2026-03-27 14:32:48,454 | INFO | aca_sft | Evaluation report | step=29300/50000 | train_loss=0.465611 | eval_loss=0.505276 | lr=0.00000500 | elapsed_seconds=1523.52
2026-03-27 14:32:53,616 | INFO | aca_sft | Evaluation report | step=29400/50000 | train_loss=0.466357 | eval_loss=0.505262 | lr=0.00000500 | elapsed_seconds=1528.68
2026-03-27 14:32:58,781 | INFO | aca_sft | Evaluation report | step=29500/50000 | train_loss=0.465865 | eval_loss=0.505260 | lr=0.00000500 | elapsed_seconds=1533.84
2026-03-27 14:33:03,944 | INFO | aca_sft | Evaluation report | step=29600/50000 | train_loss=0.466244 | eval_loss=0.505310 | lr=0.00000500 | elapsed_seconds=1539.01
2026-03-27 14:33:09,112 | INFO | aca_sft | Evaluation report | step=29700/50000 | train_loss=0.464808 | eval_loss=0.505255 | lr=0.00000500 | elapsed_seconds=1544.18
2026-03-27 14:33:14,278 | INFO | aca_sft | Evaluation report | step=29800/50000 | train_loss=0.466421 | eval_loss=0.505176 | lr=0.00000500 | elapsed_seconds=1549.34
2026-03-27 14:33:19,440 | INFO | aca_sft | Evaluation report | step=29900/50000 | train_loss=0.463278 | eval_loss=0.505159 | lr=0.00000500 | elapsed_seconds=1554.50
2026-03-27 14:33:24,605 | INFO | aca_sft | Evaluation report | step=30000/50000 | train_loss=0.459908 | eval_loss=0.505138 | lr=0.00000500 | elapsed_seconds=1559.67
2026-03-27 14:33:29,774 | INFO | aca_sft | Evaluation report | step=30100/50000 | train_loss=0.460324 | eval_loss=0.505187 | lr=0.00000500 | elapsed_seconds=1564.84
2026-03-27 14:33:34,941 | INFO | aca_sft | Evaluation report | step=30200/50000 | train_loss=0.459884 | eval_loss=0.505175 | lr=0.00000500 | elapsed_seconds=1570.00
2026-03-27 14:33:40,113 | INFO | aca_sft | Evaluation report | step=30300/50000 | train_loss=0.464710 | eval_loss=0.505222 | lr=0.00000500 | elapsed_seconds=1575.18
2026-03-27 14:33:45,284 | INFO | aca_sft | Evaluation report | step=30400/50000 | train_loss=0.465007 | eval_loss=0.505177 | lr=0.00000500 | elapsed_seconds=1580.35
2026-03-27 14:33:50,450 | INFO | aca_sft | Evaluation report | step=30500/50000 | train_loss=0.462767 | eval_loss=0.505238 | lr=0.00000500 | elapsed_seconds=1585.51
2026-03-27 14:33:55,619 | INFO | aca_sft | Evaluation report | step=30600/50000 | train_loss=0.459898 | eval_loss=0.505308 | lr=0.00000500 | elapsed_seconds=1590.68
2026-03-27 14:34:00,787 | INFO | aca_sft | Evaluation report | step=30700/50000 | train_loss=0.462117 | eval_loss=0.505314 | lr=0.00000500 | elapsed_seconds=1595.85
2026-03-27 14:34:05,955 | INFO | aca_sft | Evaluation report | step=30800/50000 | train_loss=0.465149 | eval_loss=0.505244 | lr=0.00000500 | elapsed_seconds=1601.02
2026-03-27 14:34:11,125 | INFO | aca_sft | Evaluation report | step=30900/50000 | train_loss=0.462566 | eval_loss=0.505299 | lr=0.00000500 | elapsed_seconds=1606.19
2026-03-27 14:34:16,300 | INFO | aca_sft | Evaluation report | step=31000/50000 | train_loss=0.462561 | eval_loss=0.505329 | lr=0.00000500 | elapsed_seconds=1611.36
2026-03-27 14:34:21,470 | INFO | aca_sft | Evaluation report | step=31100/50000 | train_loss=0.462810 | eval_loss=0.505413 | lr=0.00000500 | elapsed_seconds=1616.53
2026-03-27 14:34:26,639 | INFO | aca_sft | Evaluation report | step=31200/50000 | train_loss=0.458218 | eval_loss=0.505426 | lr=0.00000500 | elapsed_seconds=1621.70
2026-03-27 14:34:31,815 | INFO | aca_sft | Evaluation report | step=31300/50000 | train_loss=0.458420 | eval_loss=0.505431 | lr=0.00000500 | elapsed_seconds=1626.88
2026-03-27 14:34:36,983 | INFO | aca_sft | Evaluation report | step=31400/50000 | train_loss=0.461112 | eval_loss=0.505347 | lr=0.00000500 | elapsed_seconds=1632.05
2026-03-27 14:34:42,157 | INFO | aca_sft | Evaluation report | step=31500/50000 | train_loss=0.464015 | eval_loss=0.505390 | lr=0.00000500 | elapsed_seconds=1637.22
2026-03-27 14:34:47,329 | INFO | aca_sft | Evaluation report | step=31600/50000 | train_loss=0.459053 | eval_loss=0.505417 | lr=0.00000500 | elapsed_seconds=1642.39
2026-03-27 14:34:52,498 | INFO | aca_sft | Evaluation report | step=31700/50000 | train_loss=0.460012 | eval_loss=0.505411 | lr=0.00000500 | elapsed_seconds=1647.56
2026-03-27 14:34:57,663 | INFO | aca_sft | Evaluation report | step=31800/50000 | train_loss=0.456983 | eval_loss=0.505436 | lr=0.00000500 | elapsed_seconds=1652.73
2026-03-27 14:35:02,829 | INFO | aca_sft | Evaluation report | step=31900/50000 | train_loss=0.458907 | eval_loss=0.505439 | lr=0.00000500 | elapsed_seconds=1657.89
2026-03-27 14:35:07,997 | INFO | aca_sft | Evaluation report | step=32000/50000 | train_loss=0.459320 | eval_loss=0.505420 | lr=0.00000500 | elapsed_seconds=1663.06
2026-03-27 14:35:13,162 | INFO | aca_sft | Evaluation report | step=32100/50000 | train_loss=0.456045 | eval_loss=0.505424 | lr=0.00000500 | elapsed_seconds=1668.22
2026-03-27 14:35:18,331 | INFO | aca_sft | Evaluation report | step=32200/50000 | train_loss=0.461021 | eval_loss=0.505438 | lr=0.00000500 | elapsed_seconds=1673.39
2026-03-27 14:35:23,499 | INFO | aca_sft | Evaluation report | step=32300/50000 | train_loss=0.456942 | eval_loss=0.505494 | lr=0.00000500 | elapsed_seconds=1678.56
2026-03-27 14:35:28,667 | INFO | aca_sft | Evaluation report | step=32400/50000 | train_loss=0.459099 | eval_loss=0.505518 | lr=0.00000500 | elapsed_seconds=1683.73
2026-03-27 14:35:33,836 | INFO | aca_sft | Evaluation report | step=32500/50000 | train_loss=0.457277 | eval_loss=0.505556 | lr=0.00000500 | elapsed_seconds=1688.90
2026-03-27 14:35:39,007 | INFO | aca_sft | Evaluation report | step=32600/50000 | train_loss=0.454325 | eval_loss=0.505592 | lr=0.00000500 | elapsed_seconds=1694.07
2026-03-27 14:35:44,176 | INFO | aca_sft | Evaluation report | step=32700/50000 | train_loss=0.457382 | eval_loss=0.505592 | lr=0.00000500 | elapsed_seconds=1699.24
2026-03-27 14:35:49,343 | INFO | aca_sft | Evaluation report | step=32800/50000 | train_loss=0.451074 | eval_loss=0.505704 | lr=0.00000500 | elapsed_seconds=1704.41
2026-03-27 14:35:54,506 | INFO | aca_sft | Evaluation report | step=32900/50000 | train_loss=0.456844 | eval_loss=0.505688 | lr=0.00000500 | elapsed_seconds=1709.57
2026-03-27 14:35:59,674 | INFO | aca_sft | Evaluation report | step=33000/50000 | train_loss=0.449324 | eval_loss=0.505780 | lr=0.00000500 | elapsed_seconds=1714.74
2026-03-27 14:36:04,840 | INFO | aca_sft | Evaluation report | step=33100/50000 | train_loss=0.455036 | eval_loss=0.505765 | lr=0.00000500 | elapsed_seconds=1719.90
2026-03-27 14:36:10,006 | INFO | aca_sft | Evaluation report | step=33200/50000 | train_loss=0.448679 | eval_loss=0.505919 | lr=0.00000500 | elapsed_seconds=1725.07
2026-03-27 14:36:15,173 | INFO | aca_sft | Evaluation report | step=33300/50000 | train_loss=0.458010 | eval_loss=0.505768 | lr=0.00000500 | elapsed_seconds=1730.24
2026-03-27 14:36:20,342 | INFO | aca_sft | Evaluation report | step=33400/50000 | train_loss=0.461802 | eval_loss=0.505593 | lr=0.00000500 | elapsed_seconds=1735.41
2026-03-27 14:36:25,501 | INFO | aca_sft | Evaluation report | step=33500/50000 | train_loss=0.458986 | eval_loss=0.505537 | lr=0.00000500 | elapsed_seconds=1740.56
2026-03-27 14:36:30,660 | INFO | aca_sft | Evaluation report | step=33600/50000 | train_loss=0.458856 | eval_loss=0.505495 | lr=0.00000500 | elapsed_seconds=1745.72
2026-03-27 14:36:35,820 | INFO | aca_sft | Evaluation report | step=33700/50000 | train_loss=0.462054 | eval_loss=0.505462 | lr=0.00000500 | elapsed_seconds=1750.88
2026-03-27 14:36:40,984 | INFO | aca_sft | Evaluation report | step=33800/50000 | train_loss=0.461075 | eval_loss=0.505414 | lr=0.00000500 | elapsed_seconds=1756.05
2026-03-27 14:36:46,149 | INFO | aca_sft | Evaluation report | step=33900/50000 | train_loss=0.455418 | eval_loss=0.505448 | lr=0.00000500 | elapsed_seconds=1761.21
2026-03-27 14:36:51,310 | INFO | aca_sft | Evaluation report | step=34000/50000 | train_loss=0.458288 | eval_loss=0.505459 | lr=0.00000500 | elapsed_seconds=1766.37
2026-03-27 14:36:56,472 | INFO | aca_sft | Evaluation report | step=34100/50000 | train_loss=0.456897 | eval_loss=0.505409 | lr=0.00000500 | elapsed_seconds=1771.53
2026-03-27 14:37:01,636 | INFO | aca_sft | Evaluation report | step=34200/50000 | train_loss=0.459185 | eval_loss=0.505410 | lr=0.00000500 | elapsed_seconds=1776.70
2026-03-27 14:37:06,798 | INFO | aca_sft | Evaluation report | step=34300/50000 | train_loss=0.456114 | eval_loss=0.505449 | lr=0.00000500 | elapsed_seconds=1781.86
2026-03-27 14:37:11,958 | INFO | aca_sft | Evaluation report | step=34400/50000 | train_loss=0.452824 | eval_loss=0.505527 | lr=0.00000500 | elapsed_seconds=1787.02
2026-03-27 14:37:17,126 | INFO | aca_sft | Evaluation report | step=34500/50000 | train_loss=0.450344 | eval_loss=0.505576 | lr=0.00000500 | elapsed_seconds=1792.19
2026-03-27 14:37:22,287 | INFO | aca_sft | Evaluation report | step=34600/50000 | train_loss=0.448249 | eval_loss=0.505676 | lr=0.00000500 | elapsed_seconds=1797.35
2026-03-27 14:37:27,449 | INFO | aca_sft | Evaluation report | step=34700/50000 | train_loss=0.445916 | eval_loss=0.505842 | lr=0.00000500 | elapsed_seconds=1802.51
2026-03-27 14:37:32,607 | INFO | aca_sft | Evaluation report | step=34800/50000 | train_loss=0.447495 | eval_loss=0.505817 | lr=0.00000500 | elapsed_seconds=1807.67
2026-03-27 14:37:37,770 | INFO | aca_sft | Evaluation report | step=34900/50000 | train_loss=0.443929 | eval_loss=0.505927 | lr=0.00000500 | elapsed_seconds=1812.83
2026-03-27 14:37:42,932 | INFO | aca_sft | Evaluation report | step=35000/50000 | train_loss=0.443745 | eval_loss=0.505978 | lr=0.00000500 | elapsed_seconds=1817.99
2026-03-27 14:37:48,094 | INFO | aca_sft | Evaluation report | step=35100/50000 | train_loss=0.448498 | eval_loss=0.506092 | lr=0.00000500 | elapsed_seconds=1823.16
2026-03-27 14:37:53,255 | INFO | aca_sft | Evaluation report | step=35200/50000 | train_loss=0.467470 | eval_loss=0.505636 | lr=0.00000500 | elapsed_seconds=1828.32
2026-03-27 14:37:58,417 | INFO | aca_sft | Evaluation report | step=35300/50000 | train_loss=0.467297 | eval_loss=0.505315 | lr=0.00000500 | elapsed_seconds=1833.48
2026-03-27 14:38:03,583 | INFO | aca_sft | Evaluation report | step=35400/50000 | train_loss=0.472083 | eval_loss=0.505142 | lr=0.00000500 | elapsed_seconds=1838.65
2026-03-27 14:38:08,747 | INFO | aca_sft | Evaluation report | step=35500/50000 | train_loss=0.467533 | eval_loss=0.505038 | lr=0.00000500 | elapsed_seconds=1843.81
2026-03-27 14:38:13,911 | INFO | aca_sft | Evaluation report | step=35600/50000 | train_loss=0.467564 | eval_loss=0.505052 | lr=0.00000500 | elapsed_seconds=1848.97
2026-03-27 14:38:19,074 | INFO | aca_sft | Evaluation report | step=35700/50000 | train_loss=0.467857 | eval_loss=0.505034 | lr=0.00000500 | elapsed_seconds=1854.14
2026-03-27 14:38:24,237 | INFO | aca_sft | Evaluation report | step=35800/50000 | train_loss=0.469288 | eval_loss=0.504985 | lr=0.00000500 | elapsed_seconds=1859.30
2026-03-27 14:38:29,400 | INFO | aca_sft | Evaluation report | step=35900/50000 | train_loss=0.465356 | eval_loss=0.504972 | lr=0.00000500 | elapsed_seconds=1864.46
2026-03-27 14:38:34,562 | INFO | aca_sft | Evaluation report | step=36000/50000 | train_loss=0.460215 | eval_loss=0.505069 | lr=0.00000500 | elapsed_seconds=1869.63
2026-03-27 14:38:39,728 | INFO | aca_sft | Evaluation report | step=36100/50000 | train_loss=0.466821 | eval_loss=0.505055 | lr=0.00000500 | elapsed_seconds=1874.79
2026-03-27 14:38:44,891 | INFO | aca_sft | Evaluation report | step=36200/50000 | train_loss=0.466404 | eval_loss=0.505002 | lr=0.00000500 | elapsed_seconds=1879.95
2026-03-27 14:38:50,056 | INFO | aca_sft | Evaluation report | step=36300/50000 | train_loss=0.465623 | eval_loss=0.505025 | lr=0.00000500 | elapsed_seconds=1885.12
2026-03-27 14:38:55,219 | INFO | aca_sft | Evaluation report | step=36400/50000 | train_loss=0.463971 | eval_loss=0.505053 | lr=0.00000500 | elapsed_seconds=1890.28
2026-03-27 14:39:00,387 | INFO | aca_sft | Evaluation report | step=36500/50000 | train_loss=0.467260 | eval_loss=0.505032 | lr=0.00000500 | elapsed_seconds=1895.45
2026-03-27 14:39:05,548 | INFO | aca_sft | Evaluation report | step=36600/50000 | train_loss=0.463848 | eval_loss=0.504967 | lr=0.00000500 | elapsed_seconds=1900.61
2026-03-27 14:39:10,712 | INFO | aca_sft | Evaluation report | step=36700/50000 | train_loss=0.463402 | eval_loss=0.504942 | lr=0.00000500 | elapsed_seconds=1905.78
2026-03-27 14:39:15,879 | INFO | aca_sft | Evaluation report | step=36800/50000 | train_loss=0.461679 | eval_loss=0.504919 | lr=0.00000500 | elapsed_seconds=1910.94
2026-03-27 14:39:21,047 | INFO | aca_sft | Evaluation report | step=36900/50000 | train_loss=0.461236 | eval_loss=0.504880 | lr=0.00000500 | elapsed_seconds=1916.11
2026-03-27 14:39:26,211 | INFO | aca_sft | Evaluation report | step=37000/50000 | train_loss=0.459896 | eval_loss=0.504935 | lr=0.00000500 | elapsed_seconds=1921.27
2026-03-27 14:39:31,373 | INFO | aca_sft | Evaluation report | step=37100/50000 | train_loss=0.460978 | eval_loss=0.504896 | lr=0.00000500 | elapsed_seconds=1926.44
2026-03-27 14:39:36,538 | INFO | aca_sft | Evaluation report | step=37200/50000 | train_loss=0.462593 | eval_loss=0.504991 | lr=0.00000500 | elapsed_seconds=1931.60
2026-03-27 14:39:41,713 | INFO | aca_sft | Evaluation report | step=37300/50000 | train_loss=0.464767 | eval_loss=0.504944 | lr=0.00000500 | elapsed_seconds=1936.78
2026-03-27 14:39:46,880 | INFO | aca_sft | Evaluation report | step=37400/50000 | train_loss=0.461850 | eval_loss=0.504996 | lr=0.00000500 | elapsed_seconds=1941.94
2026-03-27 14:39:52,042 | INFO | aca_sft | Evaluation report | step=37500/50000 | train_loss=0.457051 | eval_loss=0.505027 | lr=0.00000500 | elapsed_seconds=1947.10
2026-03-27 14:39:57,204 | INFO | aca_sft | Evaluation report | step=37600/50000 | train_loss=0.465835 | eval_loss=0.505009 | lr=0.00000500 | elapsed_seconds=1952.27
2026-03-27 14:40:02,368 | INFO | aca_sft | Evaluation report | step=37700/50000 | train_loss=0.463314 | eval_loss=0.504983 | lr=0.00000500 | elapsed_seconds=1957.43
2026-03-27 14:40:07,531 | INFO | aca_sft | Evaluation report | step=37800/50000 | train_loss=0.462394 | eval_loss=0.505055 | lr=0.00000500 | elapsed_seconds=1962.59
2026-03-27 14:40:12,700 | INFO | aca_sft | Evaluation report | step=37900/50000 | train_loss=0.462265 | eval_loss=0.505085 | lr=0.00000500 | elapsed_seconds=1967.76
2026-03-27 14:40:17,863 | INFO | aca_sft | Evaluation report | step=38000/50000 | train_loss=0.462015 | eval_loss=0.505134 | lr=0.00000500 | elapsed_seconds=1972.93
2026-03-27 14:40:23,028 | INFO | aca_sft | Evaluation report | step=38100/50000 | train_loss=0.458619 | eval_loss=0.505141 | lr=0.00000500 | elapsed_seconds=1978.09
2026-03-27 14:40:28,190 | INFO | aca_sft | Evaluation report | step=38200/50000 | train_loss=0.458380 | eval_loss=0.505109 | lr=0.00000500 | elapsed_seconds=1983.25
2026-03-27 14:40:33,354 | INFO | aca_sft | Evaluation report | step=38300/50000 | train_loss=0.458083 | eval_loss=0.505072 | lr=0.00000500 | elapsed_seconds=1988.42
2026-03-27 14:40:38,521 | INFO | aca_sft | Evaluation report | step=38400/50000 | train_loss=0.463880 | eval_loss=0.505134 | lr=0.00000500 | elapsed_seconds=1993.58
2026-03-27 14:40:43,690 | INFO | aca_sft | Evaluation report | step=38500/50000 | train_loss=0.458749 | eval_loss=0.505147 | lr=0.00000500 | elapsed_seconds=1998.75
2026-03-27 14:40:48,857 | INFO | aca_sft | Evaluation report | step=38600/50000 | train_loss=0.459783 | eval_loss=0.505173 | lr=0.00000500 | elapsed_seconds=2003.92
2026-03-27 14:40:54,018 | INFO | aca_sft | Evaluation report | step=38700/50000 | train_loss=0.456016 | eval_loss=0.505132 | lr=0.00000500 | elapsed_seconds=2009.08
2026-03-27 14:40:59,181 | INFO | aca_sft | Evaluation report | step=38800/50000 | train_loss=0.457972 | eval_loss=0.505187 | lr=0.00000500 | elapsed_seconds=2014.24
2026-03-27 14:41:04,346 | INFO | aca_sft | Evaluation report | step=38900/50000 | train_loss=0.457425 | eval_loss=0.505155 | lr=0.00000500 | elapsed_seconds=2019.41
2026-03-27 14:41:09,510 | INFO | aca_sft | Evaluation report | step=39000/50000 | train_loss=0.457193 | eval_loss=0.505173 | lr=0.00000500 | elapsed_seconds=2024.57
2026-03-27 14:41:14,678 | INFO | aca_sft | Evaluation report | step=39100/50000 | train_loss=0.459427 | eval_loss=0.505180 | lr=0.00000500 | elapsed_seconds=2029.74
2026-03-27 14:41:19,842 | INFO | aca_sft | Evaluation report | step=39200/50000 | train_loss=0.457543 | eval_loss=0.505257 | lr=0.00000500 | elapsed_seconds=2034.91
2026-03-27 14:41:25,008 | INFO | aca_sft | Evaluation report | step=39300/50000 | train_loss=0.459161 | eval_loss=0.505254 | lr=0.00000500 | elapsed_seconds=2040.07
2026-03-27 14:41:30,176 | INFO | aca_sft | Evaluation report | step=39400/50000 | train_loss=0.454031 | eval_loss=0.505310 | lr=0.00000500 | elapsed_seconds=2045.24
2026-03-27 14:41:35,342 | INFO | aca_sft | Evaluation report | step=39500/50000 | train_loss=0.456927 | eval_loss=0.505321 | lr=0.00000500 | elapsed_seconds=2050.40
2026-03-27 14:41:40,506 | INFO | aca_sft | Evaluation report | step=39600/50000 | train_loss=0.453204 | eval_loss=0.505352 | lr=0.00000500 | elapsed_seconds=2055.57
2026-03-27 14:41:45,667 | INFO | aca_sft | Evaluation report | step=39700/50000 | train_loss=0.453157 | eval_loss=0.505440 | lr=0.00000500 | elapsed_seconds=2060.73
2026-03-27 14:41:50,830 | INFO | aca_sft | Evaluation report | step=39800/50000 | train_loss=0.454357 | eval_loss=0.505443 | lr=0.00000500 | elapsed_seconds=2065.89
2026-03-27 14:41:55,991 | INFO | aca_sft | Evaluation report | step=39900/50000 | train_loss=0.448921 | eval_loss=0.505541 | lr=0.00000500 | elapsed_seconds=2071.05
2026-03-27 14:42:01,154 | INFO | aca_sft | Evaluation report | step=40000/50000 | train_loss=0.454379 | eval_loss=0.505547 | lr=0.00000500 | elapsed_seconds=2076.22
2026-03-27 14:42:06,321 | INFO | aca_sft | Evaluation report | step=40100/50000 | train_loss=0.451745 | eval_loss=0.505598 | lr=0.00000500 | elapsed_seconds=2081.38
2026-03-27 14:42:11,486 | INFO | aca_sft | Evaluation report | step=40200/50000 | train_loss=0.457592 | eval_loss=0.505453 | lr=0.00000500 | elapsed_seconds=2086.55
2026-03-27 14:42:16,648 | INFO | aca_sft | Evaluation report | step=40300/50000 | train_loss=0.460505 | eval_loss=0.505297 | lr=0.00000500 | elapsed_seconds=2091.71
2026-03-27 14:42:21,814 | INFO | aca_sft | Evaluation report | step=40400/50000 | train_loss=0.457837 | eval_loss=0.505256 | lr=0.00000500 | elapsed_seconds=2096.88
2026-03-27 14:42:26,978 | INFO | aca_sft | Evaluation report | step=40500/50000 | train_loss=0.458222 | eval_loss=0.505252 | lr=0.00000500 | elapsed_seconds=2102.04
2026-03-27 14:42:32,142 | INFO | aca_sft | Evaluation report | step=40600/50000 | train_loss=0.461773 | eval_loss=0.505217 | lr=0.00000500 | elapsed_seconds=2107.20
2026-03-27 14:42:37,311 | INFO | aca_sft | Evaluation report | step=40700/50000 | train_loss=0.457971 | eval_loss=0.505178 | lr=0.00000500 | elapsed_seconds=2112.37
2026-03-27 14:42:42,474 | INFO | aca_sft | Evaluation report | step=40800/50000 | train_loss=0.458240 | eval_loss=0.505169 | lr=0.00000500 | elapsed_seconds=2117.54
2026-03-27 14:42:47,644 | INFO | aca_sft | Evaluation report | step=40900/50000 | train_loss=0.454205 | eval_loss=0.505208 | lr=0.00000500 | elapsed_seconds=2122.71
2026-03-27 14:42:52,809 | INFO | aca_sft | Evaluation report | step=41000/50000 | train_loss=0.458260 | eval_loss=0.505168 | lr=0.00000500 | elapsed_seconds=2127.87
2026-03-27 14:42:57,974 | INFO | aca_sft | Evaluation report | step=41100/50000 | train_loss=0.457810 | eval_loss=0.505203 | lr=0.00000500 | elapsed_seconds=2133.04
2026-03-27 14:43:03,142 | INFO | aca_sft | Evaluation report | step=41200/50000 | train_loss=0.454459 | eval_loss=0.505233 | lr=0.00000500 | elapsed_seconds=2138.20
2026-03-27 14:43:08,311 | INFO | aca_sft | Evaluation report | step=41300/50000 | train_loss=0.452281 | eval_loss=0.505294 | lr=0.00000500 | elapsed_seconds=2143.37
2026-03-27 14:43:13,478 | INFO | aca_sft | Evaluation report | step=41400/50000 | train_loss=0.448845 | eval_loss=0.505342 | lr=0.00000500 | elapsed_seconds=2148.54
2026-03-27 14:43:18,645 | INFO | aca_sft | Evaluation report | step=41500/50000 | train_loss=0.448203 | eval_loss=0.505454 | lr=0.00000500 | elapsed_seconds=2153.71
2026-03-27 14:43:23,813 | INFO | aca_sft | Evaluation report | step=41600/50000 | train_loss=0.446125 | eval_loss=0.505602 | lr=0.00000500 | elapsed_seconds=2158.88
2026-03-27 14:43:28,980 | INFO | aca_sft | Evaluation report | step=41700/50000 | train_loss=0.447045 | eval_loss=0.505588 | lr=0.00000500 | elapsed_seconds=2164.04
2026-03-27 14:43:34,153 | INFO | aca_sft | Evaluation report | step=41800/50000 | train_loss=0.442347 | eval_loss=0.505679 | lr=0.00000500 | elapsed_seconds=2169.22
2026-03-27 14:43:39,315 | INFO | aca_sft | Evaluation report | step=41900/50000 | train_loss=0.442913 | eval_loss=0.505766 | lr=0.00000500 | elapsed_seconds=2174.38
2026-03-27 14:43:44,480 | INFO | aca_sft | Evaluation report | step=42000/50000 | train_loss=0.450767 | eval_loss=0.505803 | lr=0.00000500 | elapsed_seconds=2179.54
2026-03-27 14:43:49,648 | INFO | aca_sft | Evaluation report | step=42100/50000 | train_loss=0.471261 | eval_loss=0.505263 | lr=0.00000500 | elapsed_seconds=2184.71
2026-03-27 14:43:54,818 | INFO | aca_sft | Evaluation report | step=42200/50000 | train_loss=0.465218 | eval_loss=0.505020 | lr=0.00000500 | elapsed_seconds=2189.88
2026-03-27 14:43:59,984 | INFO | aca_sft | Evaluation report | step=42300/50000 | train_loss=0.471572 | eval_loss=0.504863 | lr=0.00000500 | elapsed_seconds=2195.05
2026-03-27 14:44:05,154 | INFO | aca_sft | Evaluation report | step=42400/50000 | train_loss=0.466600 | eval_loss=0.504801 | lr=0.00000500 | elapsed_seconds=2200.22
2026-03-27 14:44:10,321 | INFO | aca_sft | Evaluation report | step=42500/50000 | train_loss=0.467329 | eval_loss=0.504793 | lr=0.00000500 | elapsed_seconds=2205.38
2026-03-27 14:44:15,487 | INFO | aca_sft | Evaluation report | step=42600/50000 | train_loss=0.467221 | eval_loss=0.504770 | lr=0.00000500 | elapsed_seconds=2210.55
2026-03-27 14:44:20,651 | INFO | aca_sft | Evaluation report | step=42700/50000 | train_loss=0.467470 | eval_loss=0.504759 | lr=0.00000500 | elapsed_seconds=2215.71
2026-03-27 14:44:25,822 | INFO | aca_sft | Evaluation report | step=42800/50000 | train_loss=0.462787 | eval_loss=0.504781 | lr=0.00000500 | elapsed_seconds=2220.88
2026-03-27 14:44:30,996 | INFO | aca_sft | Evaluation report | step=42900/50000 | train_loss=0.460535 | eval_loss=0.504821 | lr=0.00000500 | elapsed_seconds=2226.06
2026-03-27 14:44:36,165 | INFO | aca_sft | Evaluation report | step=43000/50000 | train_loss=0.467041 | eval_loss=0.504819 | lr=0.00000500 | elapsed_seconds=2231.23
2026-03-27 14:44:41,333 | INFO | aca_sft | Evaluation report | step=43100/50000 | train_loss=0.466971 | eval_loss=0.504765 | lr=0.00000500 | elapsed_seconds=2236.39
2026-03-27 14:44:46,501 | INFO | aca_sft | Evaluation report | step=43200/50000 | train_loss=0.464468 | eval_loss=0.504775 | lr=0.00000500 | elapsed_seconds=2241.56
2026-03-27 14:44:51,671 | INFO | aca_sft | Evaluation report | step=43300/50000 | train_loss=0.462223 | eval_loss=0.504871 | lr=0.00000500 | elapsed_seconds=2246.73
2026-03-27 14:44:56,833 | INFO | aca_sft | Evaluation report | step=43400/50000 | train_loss=0.465567 | eval_loss=0.504783 | lr=0.00000500 | elapsed_seconds=2251.90
2026-03-27 14:45:01,997 | INFO | aca_sft | Evaluation report | step=43500/50000 | train_loss=0.465126 | eval_loss=0.504715 | lr=0.00000500 | elapsed_seconds=2257.06
2026-03-27 14:45:07,160 | INFO | aca_sft | Evaluation report | step=43600/50000 | train_loss=0.462137 | eval_loss=0.504716 | lr=0.00000500 | elapsed_seconds=2262.22
2026-03-27 14:45:12,329 | INFO | aca_sft | Evaluation report | step=43700/50000 | train_loss=0.461367 | eval_loss=0.504676 | lr=0.00000500 | elapsed_seconds=2267.39
2026-03-27 14:45:17,489 | INFO | aca_sft | Evaluation report | step=43800/50000 | train_loss=0.460785 | eval_loss=0.504639 | lr=0.00000500 | elapsed_seconds=2272.55
2026-03-27 14:45:22,653 | INFO | aca_sft | Evaluation report | step=43900/50000 | train_loss=0.457836 | eval_loss=0.504706 | lr=0.00000500 | elapsed_seconds=2277.71
2026-03-27 14:45:27,815 | INFO | aca_sft | Evaluation report | step=44000/50000 | train_loss=0.462331 | eval_loss=0.504662 | lr=0.00000500 | elapsed_seconds=2282.88
2026-03-27 14:45:32,979 | INFO | aca_sft | Evaluation report | step=44100/50000 | train_loss=0.463282 | eval_loss=0.504723 | lr=0.00000500 | elapsed_seconds=2288.04
2026-03-27 14:45:38,144 | INFO | aca_sft | Evaluation report | step=44200/50000 | train_loss=0.464091 | eval_loss=0.504696 | lr=0.00000500 | elapsed_seconds=2293.21
2026-03-27 14:45:43,312 | INFO | aca_sft | Evaluation report | step=44300/50000 | train_loss=0.458592 | eval_loss=0.504803 | lr=0.00000500 | elapsed_seconds=2298.37
2026-03-27 14:45:48,481 | INFO | aca_sft | Evaluation report | step=44400/50000 | train_loss=0.458106 | eval_loss=0.504775 | lr=0.00000500 | elapsed_seconds=2303.54
2026-03-27 14:45:53,639 | INFO | aca_sft | Evaluation report | step=44500/50000 | train_loss=0.465748 | eval_loss=0.504726 | lr=0.00000500 | elapsed_seconds=2308.70
2026-03-27 14:45:58,804 | INFO | aca_sft | Evaluation report | step=44600/50000 | train_loss=0.463271 | eval_loss=0.504743 | lr=0.00000500 | elapsed_seconds=2313.87
2026-03-27 14:46:03,966 | INFO | aca_sft | Evaluation report | step=44700/50000 | train_loss=0.460799 | eval_loss=0.504809 | lr=0.00000500 | elapsed_seconds=2319.03
2026-03-27 14:46:09,127 | INFO | aca_sft | Evaluation report | step=44800/50000 | train_loss=0.461333 | eval_loss=0.504874 | lr=0.00000500 | elapsed_seconds=2324.19
2026-03-27 14:46:14,287 | INFO | aca_sft | Evaluation report | step=44900/50000 | train_loss=0.462198 | eval_loss=0.504879 | lr=0.00000500 | elapsed_seconds=2329.35
2026-03-27 14:46:19,456 | INFO | aca_sft | Evaluation report | step=45000/50000 | train_loss=0.457246 | eval_loss=0.504884 | lr=0.00000500 | elapsed_seconds=2334.52
2026-03-27 14:46:24,619 | INFO | aca_sft | Evaluation report | step=45100/50000 | train_loss=0.453982 | eval_loss=0.504816 | lr=0.00000500 | elapsed_seconds=2339.68
2026-03-27 14:46:29,779 | INFO | aca_sft | Evaluation report | step=45200/50000 | train_loss=0.463849 | eval_loss=0.504846 | lr=0.00000500 | elapsed_seconds=2344.84
2026-03-27 14:46:34,942 | INFO | aca_sft | Evaluation report | step=45300/50000 | train_loss=0.459137 | eval_loss=0.504899 | lr=0.00000500 | elapsed_seconds=2350.00
2026-03-27 14:46:40,104 | INFO | aca_sft | Evaluation report | step=45400/50000 | train_loss=0.459975 | eval_loss=0.504921 | lr=0.00000500 | elapsed_seconds=2355.17
2026-03-27 14:46:45,264 | INFO | aca_sft | Evaluation report | step=45500/50000 | train_loss=0.457334 | eval_loss=0.504962 | lr=0.00000500 | elapsed_seconds=2360.33
2026-03-27 14:46:50,425 | INFO | aca_sft | Evaluation report | step=45600/50000 | train_loss=0.456627 | eval_loss=0.504909 | lr=0.00000500 | elapsed_seconds=2365.49
2026-03-27 14:46:55,586 | INFO | aca_sft | Evaluation report | step=45700/50000 | train_loss=0.458741 | eval_loss=0.504946 | lr=0.00000500 | elapsed_seconds=2370.65
2026-03-27 14:47:00,749 | INFO | aca_sft | Evaluation report | step=45800/50000 | train_loss=0.455994 | eval_loss=0.504923 | lr=0.00000500 | elapsed_seconds=2375.81
2026-03-27 14:47:05,908 | INFO | aca_sft | Evaluation report | step=45900/50000 | train_loss=0.457738 | eval_loss=0.504948 | lr=0.00000500 | elapsed_seconds=2380.97
2026-03-27 14:47:11,069 | INFO | aca_sft | Evaluation report | step=46000/50000 | train_loss=0.457036 | eval_loss=0.504932 | lr=0.00000500 | elapsed_seconds=2386.13
2026-03-27 14:47:16,231 | INFO | aca_sft | Evaluation report | step=46100/50000 | train_loss=0.457861 | eval_loss=0.505022 | lr=0.00000500 | elapsed_seconds=2391.29
2026-03-27 14:47:21,395 | INFO | aca_sft | Evaluation report | step=46200/50000 | train_loss=0.457934 | eval_loss=0.505004 | lr=0.00000500 | elapsed_seconds=2396.46
2026-03-27 14:47:26,556 | INFO | aca_sft | Evaluation report | step=46300/50000 | train_loss=0.452831 | eval_loss=0.505054 | lr=0.00000500 | elapsed_seconds=2401.62
2026-03-27 14:47:31,718 | INFO | aca_sft | Evaluation report | step=46400/50000 | train_loss=0.456549 | eval_loss=0.505065 | lr=0.00000500 | elapsed_seconds=2406.78
2026-03-27 14:47:36,879 | INFO | aca_sft | Evaluation report | step=46500/50000 | train_loss=0.451880 | eval_loss=0.505147 | lr=0.00000500 | elapsed_seconds=2411.94
2026-03-27 14:47:42,043 | INFO | aca_sft | Evaluation report | step=46600/50000 | train_loss=0.453064 | eval_loss=0.505200 | lr=0.00000500 | elapsed_seconds=2417.11
2026-03-27 14:47:47,206 | INFO | aca_sft | Evaluation report | step=46700/50000 | train_loss=0.454032 | eval_loss=0.505217 | lr=0.00000500 | elapsed_seconds=2422.27
2026-03-27 14:47:52,366 | INFO | aca_sft | Evaluation report | step=46800/50000 | train_loss=0.451397 | eval_loss=0.505260 | lr=0.00000500 | elapsed_seconds=2427.43
2026-03-27 14:47:57,525 | INFO | aca_sft | Evaluation report | step=46900/50000 | train_loss=0.452016 | eval_loss=0.505324 | lr=0.00000500 | elapsed_seconds=2432.59
2026-03-27 14:48:02,688 | INFO | aca_sft | Evaluation report | step=47000/50000 | train_loss=0.452704 | eval_loss=0.505361 | lr=0.00000500 | elapsed_seconds=2437.75
2026-03-27 14:48:07,847 | INFO | aca_sft | Evaluation report | step=47100/50000 | train_loss=0.457919 | eval_loss=0.505146 | lr=0.00000500 | elapsed_seconds=2442.91
2026-03-27 14:48:13,006 | INFO | aca_sft | Evaluation report | step=47200/50000 | train_loss=0.460737 | eval_loss=0.505040 | lr=0.00000500 | elapsed_seconds=2448.07
2026-03-27 14:48:18,172 | INFO | aca_sft | Evaluation report | step=47300/50000 | train_loss=0.456541 | eval_loss=0.505024 | lr=0.00000500 | elapsed_seconds=2453.23
2026-03-27 14:48:23,334 | INFO | aca_sft | Evaluation report | step=47400/50000 | train_loss=0.458200 | eval_loss=0.504998 | lr=0.00000500 | elapsed_seconds=2458.40
2026-03-27 14:48:28,496 | INFO | aca_sft | Evaluation report | step=47500/50000 | train_loss=0.461215 | eval_loss=0.504950 | lr=0.00000500 | elapsed_seconds=2463.56
2026-03-27 14:48:33,653 | INFO | aca_sft | Evaluation report | step=47600/50000 | train_loss=0.456806 | eval_loss=0.504971 | lr=0.00000500 | elapsed_seconds=2468.72
2026-03-27 14:48:38,811 | INFO | aca_sft | Evaluation report | step=47700/50000 | train_loss=0.456735 | eval_loss=0.504927 | lr=0.00000500 | elapsed_seconds=2473.87
2026-03-27 14:48:43,979 | INFO | aca_sft | Evaluation report | step=47800/50000 | train_loss=0.455069 | eval_loss=0.504965 | lr=0.00000500 | elapsed_seconds=2479.04
2026-03-27 14:48:49,145 | INFO | aca_sft | Evaluation report | step=47900/50000 | train_loss=0.457510 | eval_loss=0.504928 | lr=0.00000500 | elapsed_seconds=2484.21
2026-03-27 14:48:54,308 | INFO | aca_sft | Evaluation report | step=48000/50000 | train_loss=0.457116 | eval_loss=0.504969 | lr=0.00000500 | elapsed_seconds=2489.37
2026-03-27 14:48:59,469 | INFO | aca_sft | Evaluation report | step=48100/50000 | train_loss=0.451044 | eval_loss=0.505005 | lr=0.00000500 | elapsed_seconds=2494.53
2026-03-27 14:49:04,630 | INFO | aca_sft | Evaluation report | step=48200/50000 | train_loss=0.453817 | eval_loss=0.505069 | lr=0.00000500 | elapsed_seconds=2499.69
2026-03-27 14:49:09,793 | INFO | aca_sft | Evaluation report | step=48300/50000 | train_loss=0.445809 | eval_loss=0.505119 | lr=0.00000500 | elapsed_seconds=2504.85
2026-03-27 14:49:14,958 | INFO | aca_sft | Evaluation report | step=48400/50000 | train_loss=0.446267 | eval_loss=0.505243 | lr=0.00000500 | elapsed_seconds=2510.02
2026-03-27 14:49:20,121 | INFO | aca_sft | Evaluation report | step=48500/50000 | train_loss=0.447792 | eval_loss=0.505314 | lr=0.00000500 | elapsed_seconds=2515.18
2026-03-27 14:49:25,282 | INFO | aca_sft | Evaluation report | step=48600/50000 | train_loss=0.444945 | eval_loss=0.505335 | lr=0.00000500 | elapsed_seconds=2520.34
2026-03-27 14:49:30,446 | INFO | aca_sft | Evaluation report | step=48700/50000 | train_loss=0.442308 | eval_loss=0.505441 | lr=0.00000500 | elapsed_seconds=2525.51
2026-03-27 14:49:35,602 | INFO | aca_sft | Evaluation report | step=48800/50000 | train_loss=0.442566 | eval_loss=0.505588 | lr=0.00000500 | elapsed_seconds=2530.66
2026-03-27 14:49:40,763 | INFO | aca_sft | Evaluation report | step=48900/50000 | train_loss=0.459221 | eval_loss=0.505382 | lr=0.00000500 | elapsed_seconds=2535.83
2026-03-27 14:49:45,925 | INFO | aca_sft | Evaluation report | step=49000/50000 | train_loss=0.469425 | eval_loss=0.504915 | lr=0.00000500 | elapsed_seconds=2540.99
2026-03-27 14:49:51,085 | INFO | aca_sft | Evaluation report | step=49100/50000 | train_loss=0.462742 | eval_loss=0.504736 | lr=0.00000500 | elapsed_seconds=2546.15
2026-03-27 14:49:56,247 | INFO | aca_sft | Evaluation report | step=49200/50000 | train_loss=0.469902 | eval_loss=0.504606 | lr=0.00000500 | elapsed_seconds=2551.31
2026-03-27 14:50:01,407 | INFO | aca_sft | Evaluation report | step=49300/50000 | train_loss=0.464813 | eval_loss=0.504592 | lr=0.00000500 | elapsed_seconds=2556.47
2026-03-27 14:50:06,572 | INFO | aca_sft | Evaluation report | step=49400/50000 | train_loss=0.466294 | eval_loss=0.504573 | lr=0.00000500 | elapsed_seconds=2561.63
2026-03-27 14:50:11,733 | INFO | aca_sft | Evaluation report | step=49500/50000 | train_loss=0.469119 | eval_loss=0.504510 | lr=0.00000500 | elapsed_seconds=2566.79
2026-03-27 14:50:16,894 | INFO | aca_sft | Evaluation report | step=49600/50000 | train_loss=0.464689 | eval_loss=0.504520 | lr=0.00000500 | elapsed_seconds=2571.96
2026-03-27 14:50:22,056 | INFO | aca_sft | Evaluation report | step=49700/50000 | train_loss=0.460523 | eval_loss=0.504599 | lr=0.00000500 | elapsed_seconds=2577.12
2026-03-27 14:50:27,217 | INFO | aca_sft | Evaluation report | step=49800/50000 | train_loss=0.466318 | eval_loss=0.504581 | lr=0.00000500 | elapsed_seconds=2582.28
2026-03-27 14:50:32,381 | INFO | aca_sft | Evaluation report | step=49900/50000 | train_loss=0.461105 | eval_loss=0.504581 | lr=0.00000500 | elapsed_seconds=2587.44
2026-03-27 14:50:37,539 | INFO | aca_sft | Evaluation report | step=50000/50000 | train_loss=0.468537 | eval_loss=0.504538 | lr=0.00000500 | elapsed_seconds=2592.60
2026-03-27 14:50:37,783 | INFO | aca_sft | Saved checkpoint: /outputs/sft_runs/2026-03-27T14-05-30Z/checkpoints/sft_model_checkpoint_50000.pt
2026-03-27 14:50:37,855 | INFO | aca_sft | Saved final model: /outputs/sft_runs/2026-03-27T14-05-30Z/model/sft_final.pth
2026-03-27 14:50:37,892 | INFO | aca_sft | Blob container already exists: gpt-scratch
2026-03-27 14:50:45,233 | INFO | aca_sft | Uploaded blob: /outputs/sft_runs/2026-03-27T14-05-30Z/checkpoints/sft_model_checkpoint_25000.pt -> runs/sft/2026-03-27T14-05-30Z/checkpoints/sft_model_checkpoint_25000.pt
2026-03-27 14:50:52,147 | INFO | aca_sft | Uploaded blob: /outputs/sft_runs/2026-03-27T14-05-30Z/checkpoints/sft_model_checkpoint_50000.pt -> runs/sft/2026-03-27T14-05-30Z/checkpoints/sft_model_checkpoint_50000.pt
